ARM GAS  C:\Users\poorn\AppData\Local\Temp\ccmEm2Rs.s 			page 1


   1              		.syntax unified
   2              		.cpu cortex-m3
   3              		.fpu softvfp
   4              		.eabi_attribute 20, 1
   5              		.eabi_attribute 21, 1
   6              		.eabi_attribute 23, 3
   7              		.eabi_attribute 24, 1
   8              		.eabi_attribute 25, 1
   9              		.eabi_attribute 26, 1
  10              		.eabi_attribute 30, 1
  11              		.eabi_attribute 34, 1
  12              		.eabi_attribute 18, 4
  13              		.thumb
  14              		.syntax unified
  15              		.file	"cymetadata.c"
  16              		.text
  17              	.Ltext0:
  18              		.cfi_sections	.debug_frame
  19              		.global	cy_metadata
  20              		.global	cy_meta_flashprotect
  21              		.global	cy_meta_wonvl
  22              		.global	cy_meta_custnvl
  23              		.global	cy_meta_configecc
  24              		.section	.cyconfigecc,"a",%progbits
  25              		.align	2
  26              		.type	cy_meta_configecc, %object
  27              		.size	cy_meta_configecc, 756
  28              	cy_meta_configecc:
  29 0000 02       		.byte	2
  30 0001 64       		.byte	100
  31 0002 00       		.byte	0
  32 0003 40       		.byte	64
  33 0004 27       		.byte	39
  34 0005 00       		.byte	0
  35 0006 01       		.byte	1
  36 0007 40       		.byte	64
  37 0008 19       		.byte	25
  38 0009 01       		.byte	1
  39 000a 01       		.byte	1
  40 000b 40       		.byte	64
  41 000c 30       		.byte	48
  42 000d 02       		.byte	2
  43 000e 01       		.byte	1
  44 000f 40       		.byte	64
  45 0010 35       		.byte	53
  46 0011 03       		.byte	3
  47 0012 01       		.byte	1
  48 0013 40       		.byte	64
  49 0014 4B       		.byte	75
  50 0015 04       		.byte	4
  51 0016 01       		.byte	1
  52 0017 40       		.byte	64
  53 0018 33       		.byte	51
  54 0019 05       		.byte	5
  55 001a 01       		.byte	1
  56 001b 40       		.byte	64
  57 001c 01       		.byte	1
ARM GAS  C:\Users\poorn\AppData\Local\Temp\ccmEm2Rs.s 			page 2


  58 001d 15       		.byte	21
  59 001e 01       		.byte	1
  60 001f 40       		.byte	64
  61 0020 01       		.byte	1
  62 0021 1B       		.byte	27
  63 0022 01       		.byte	1
  64 0023 40       		.byte	64
  65 0024 05       		.byte	5
  66 0025 40       		.byte	64
  67 0026 01       		.byte	1
  68 0027 40       		.byte	64
  69 0028 04       		.byte	4
  70 0029 41       		.byte	65
  71 002a 01       		.byte	1
  72 002b 40       		.byte	64
  73 002c 01       		.byte	1
  74 002d 42       		.byte	66
  75 002e 01       		.byte	1
  76 002f 40       		.byte	64
  77 0030 01       		.byte	1
  78 0031 43       		.byte	67
  79 0032 01       		.byte	1
  80 0033 40       		.byte	64
  81 0034 01       		.byte	1
  82 0035 48       		.byte	72
  83 0036 01       		.byte	1
  84 0037 40       		.byte	64
  85 0038 02       		.byte	2
  86 0039 49       		.byte	73
  87 003a 01       		.byte	1
  88 003b 40       		.byte	64
  89 003c 02       		.byte	2
  90 003d 4C       		.byte	76
  91 003e 01       		.byte	1
  92 003f 40       		.byte	64
  93 0040 01       		.byte	1
  94 0041 4D       		.byte	77
  95 0042 01       		.byte	1
  96 0043 40       		.byte	64
  97 0044 03       		.byte	3
  98 0045 50       		.byte	80
  99 0046 01       		.byte	1
 100 0047 40       		.byte	64
 101 0048 01       		.byte	1
 102 0049 51       		.byte	81
 103 004a 01       		.byte	1
 104 004b 40       		.byte	64
 105 004c 82       		.byte	-126
 106 004d 6F       		.byte	111
 107 004e 85       		.byte	-123
 108 004f 0F       		.byte	15
 109 0050 04       		.byte	4
 110 0051 01       		.byte	1
 111 0052 06       		.byte	6
 112 0053 02       		.byte	2
 113 0054 10       		.byte	16
 114 0055 01       		.byte	1
ARM GAS  C:\Users\poorn\AppData\Local\Temp\ccmEm2Rs.s 			page 3


 115 0056 12       		.byte	18
 116 0057 02       		.byte	2
 117 0058 13       		.byte	19
 118 0059 01       		.byte	1
 119 005a 1C       		.byte	28
 120 005b 02       		.byte	2
 121 005c 1E       		.byte	30
 122 005d 01       		.byte	1
 123 005e 28       		.byte	40
 124 005f 01       		.byte	1
 125 0060 2A       		.byte	42
 126 0061 02       		.byte	2
 127 0062 2B       		.byte	43
 128 0063 02       		.byte	2
 129 0064 31       		.byte	49
 130 0065 02       		.byte	2
 131 0066 33       		.byte	51
 132 0067 01       		.byte	1
 133 0068 36       		.byte	54
 134 0069 03       		.byte	3
 135 006a 3A       		.byte	58
 136 006b 80       		.byte	-128
 137 006c 58       		.byte	88
 138 006d 04       		.byte	4
 139 006e 59       		.byte	89
 140 006f 04       		.byte	4
 141 0070 5F       		.byte	95
 142 0071 01       		.byte	1
 143 0072 8D       		.byte	-115
 144 0073 01       		.byte	1
 145 0074 8F       		.byte	-113
 146 0075 02       		.byte	2
 147 0076 91       		.byte	-111
 148 0077 01       		.byte	1
 149 0078 93       		.byte	-109
 150 0079 06       		.byte	6
 151 007a 94       		.byte	-108
 152 007b 01       		.byte	1
 153 007c 95       		.byte	-107
 154 007d 01       		.byte	1
 155 007e 97       		.byte	-105
 156 007f 0A       		.byte	10
 157 0080 99       		.byte	-103
 158 0081 02       		.byte	2
 159 0082 9A       		.byte	-102
 160 0083 03       		.byte	3
 161 0084 9B       		.byte	-101
 162 0085 01       		.byte	1
 163 0086 AB       		.byte	-85
 164 0087 10       		.byte	16
 165 0088 B1       		.byte	-79
 166 0089 04       		.byte	4
 167 008a B2       		.byte	-78
 168 008b 02       		.byte	2
 169 008c B3       		.byte	-77
 170 008d 03       		.byte	3
 171 008e B5       		.byte	-75
ARM GAS  C:\Users\poorn\AppData\Local\Temp\ccmEm2Rs.s 			page 4


 172 008f 10       		.byte	16
 173 0090 B6       		.byte	-74
 174 0091 01       		.byte	1
 175 0092 B7       		.byte	-73
 176 0093 08       		.byte	8
 177 0094 BB       		.byte	-69
 178 0095 08       		.byte	8
 179 0096 BE       		.byte	-66
 180 0097 40       		.byte	64
 181 0098 D8       		.byte	-40
 182 0099 04       		.byte	4
 183 009a D9       		.byte	-39
 184 009b 04       		.byte	4
 185 009c DF       		.byte	-33
 186 009d 01       		.byte	1
 187 009e 03       		.byte	3
 188 009f 20       		.byte	32
 189 00a0 09       		.byte	9
 190 00a1 02       		.byte	2
 191 00a2 0A       		.byte	10
 192 00a3 01       		.byte	1
 193 00a4 0E       		.byte	14
 194 00a5 20       		.byte	32
 195 00a6 0F       		.byte	15
 196 00a7 08       		.byte	8
 197 00a8 12       		.byte	18
 198 00a9 08       		.byte	8
 199 00aa 18       		.byte	24
 200 00ab 02       		.byte	2
 201 00ac 1A       		.byte	26
 202 00ad 01       		.byte	1
 203 00ae 1B       		.byte	27
 204 00af 40       		.byte	64
 205 00b0 1E       		.byte	30
 206 00b1 22       		.byte	34
 207 00b2 21       		.byte	33
 208 00b3 02       		.byte	2
 209 00b4 22       		.byte	34
 210 00b5 08       		.byte	8
 211 00b6 24       		.byte	36
 212 00b7 40       		.byte	64
 213 00b8 27       		.byte	39
 214 00b9 3A       		.byte	58
 215 00ba 29       		.byte	41
 216 00bb 10       		.byte	16
 217 00bc 2F       		.byte	47
 218 00bd 04       		.byte	4
 219 00be 31       		.byte	49
 220 00bf 02       		.byte	2
 221 00c0 37       		.byte	55
 222 00c1 2A       		.byte	42
 223 00c2 3C       		.byte	60
 224 00c3 40       		.byte	64
 225 00c4 C0       		.byte	-64
 226 00c5 04       		.byte	4
 227 00c6 C2       		.byte	-62
 228 00c7 69       		.byte	105
ARM GAS  C:\Users\poorn\AppData\Local\Temp\ccmEm2Rs.s 			page 5


 229 00c8 C4       		.byte	-60
 230 00c9 02       		.byte	2
 231 00ca CA       		.byte	-54
 232 00cb 24       		.byte	36
 233 00cc CC       		.byte	-52
 234 00cd E1       		.byte	-31
 235 00ce CE       		.byte	-50
 236 00cf 10       		.byte	16
 237 00d0 03       		.byte	3
 238 00d1 0C       		.byte	12
 239 00d2 04       		.byte	4
 240 00d3 FD       		.byte	-3
 241 00d4 06       		.byte	6
 242 00d5 02       		.byte	2
 243 00d6 08       		.byte	8
 244 00d7 9E       		.byte	-98
 245 00d8 0A       		.byte	10
 246 00d9 60       		.byte	96
 247 00da 0C       		.byte	12
 248 00db CF       		.byte	-49
 249 00dc 0E       		.byte	14
 250 00dd 30       		.byte	48
 251 00de 11       		.byte	17
 252 00df 08       		.byte	8
 253 00e0 15       		.byte	21
 254 00e1 02       		.byte	2
 255 00e2 16       		.byte	22
 256 00e3 0F       		.byte	15
 257 00e4 18       		.byte	24
 258 00e5 73       		.byte	115
 259 00e6 1C       		.byte	28
 260 00e7 94       		.byte	-108
 261 00e8 1E       		.byte	30
 262 00e9 60       		.byte	96
 263 00ea 28       		.byte	40
 264 00eb 30       		.byte	48
 265 00ec 2A       		.byte	42
 266 00ed C9       		.byte	-55
 267 00ee 2F       		.byte	47
 268 00ef 03       		.byte	3
 269 00f0 31       		.byte	49
 270 00f1 04       		.byte	4
 271 00f2 33       		.byte	51
 272 00f3 01       		.byte	1
 273 00f4 35       		.byte	53
 274 00f5 08       		.byte	8
 275 00f6 36       		.byte	54
 276 00f7 FF       		.byte	-1
 277 00f8 37       		.byte	55
 278 00f9 02       		.byte	2
 279 00fa 3E       		.byte	62
 280 00fb 40       		.byte	64
 281 00fc 3F       		.byte	63
 282 00fd 50       		.byte	80
 283 00fe 54       		.byte	84
 284 00ff 0F       		.byte	15
 285 0100 58       		.byte	88
ARM GAS  C:\Users\poorn\AppData\Local\Temp\ccmEm2Rs.s 			page 6


 286 0101 04       		.byte	4
 287 0102 59       		.byte	89
 288 0103 04       		.byte	4
 289 0104 5B       		.byte	91
 290 0105 04       		.byte	4
 291 0106 5F       		.byte	95
 292 0107 05       		.byte	5
 293 0108 81       		.byte	-127
 294 0109 13       		.byte	19
 295 010a 83       		.byte	-125
 296 010b 2C       		.byte	44
 297 010c 85       		.byte	-123
 298 010d 7F       		.byte	127
 299 010e 89       		.byte	-119
 300 010f 77       		.byte	119
 301 0110 97       		.byte	-105
 302 0111 70       		.byte	112
 303 0112 99       		.byte	-103
 304 0113 45       		.byte	69
 305 0114 9B       		.byte	-101
 306 0115 0A       		.byte	10
 307 0116 9E       		.byte	-98
 308 0117 01       		.byte	1
 309 0118 9F       		.byte	-97
 310 0119 80       		.byte	-128
 311 011a A9       		.byte	-87
 312 011b 1A       		.byte	26
 313 011c AB       		.byte	-85
 314 011d 25       		.byte	37
 315 011e AD       		.byte	-83
 316 011f 0C       		.byte	12
 317 0120 AF       		.byte	-81
 318 0121 43       		.byte	67
 319 0122 B3       		.byte	-77
 320 0123 F0       		.byte	-16
 321 0124 B4       		.byte	-76
 322 0125 01       		.byte	1
 323 0126 B5       		.byte	-75
 324 0127 0F       		.byte	15
 325 0128 B7       		.byte	-73
 326 0129 0F       		.byte	15
 327 012a D8       		.byte	-40
 328 012b 04       		.byte	4
 329 012c D9       		.byte	-39
 330 012d 04       		.byte	4
 331 012e DF       		.byte	-33
 332 012f 01       		.byte	1
 333 0130 04       		.byte	4
 334 0131 04       		.byte	4
 335 0132 05       		.byte	5
 336 0133 A0       		.byte	-96
 337 0134 08       		.byte	8
 338 0135 80       		.byte	-128
 339 0136 0D       		.byte	13
 340 0137 10       		.byte	16
 341 0138 0E       		.byte	14
 342 0139 01       		.byte	1
ARM GAS  C:\Users\poorn\AppData\Local\Temp\ccmEm2Rs.s 			page 7


 343 013a 0F       		.byte	15
 344 013b 10       		.byte	16
 345 013c 16       		.byte	22
 346 013d 08       		.byte	8
 347 013e 17       		.byte	23
 348 013f 20       		.byte	32
 349 0140 19       		.byte	25
 350 0141 10       		.byte	16
 351 0142 1B       		.byte	27
 352 0143 20       		.byte	32
 353 0144 1D       		.byte	29
 354 0145 40       		.byte	64
 355 0146 20       		.byte	32
 356 0147 04       		.byte	4
 357 0148 21       		.byte	33
 358 0149 08       		.byte	8
 359 014a 22       		.byte	34
 360 014b 20       		.byte	32
 361 014c 23       		.byte	35
 362 014d 11       		.byte	17
 363 014e 24       		.byte	36
 364 014f 20       		.byte	32
 365 0150 26       		.byte	38
 366 0151 4A       		.byte	74
 367 0152 27       		.byte	39
 368 0153 08       		.byte	8
 369 0154 29       		.byte	41
 370 0155 A0       		.byte	-96
 371 0156 2F       		.byte	47
 372 0157 02       		.byte	2
 373 0158 31       		.byte	49
 374 0159 48       		.byte	72
 375 015a 33       		.byte	51
 376 015b 10       		.byte	16
 377 015c 36       		.byte	54
 378 015d 0A       		.byte	10
 379 015e 38       		.byte	56
 380 015f 06       		.byte	6
 381 0160 39       		.byte	57
 382 0161 20       		.byte	32
 383 0162 3B       		.byte	59
 384 0163 20       		.byte	32
 385 0164 3F       		.byte	63
 386 0165 02       		.byte	2
 387 0166 5D       		.byte	93
 388 0167 10       		.byte	16
 389 0168 5E       		.byte	94
 390 0169 82       		.byte	-126
 391 016a 5F       		.byte	95
 392 016b 08       		.byte	8
 393 016c 66       		.byte	102
 394 016d 24       		.byte	36
 395 016e 79       		.byte	121
 396 016f 10       		.byte	16
 397 0170 7B       		.byte	123
 398 0171 04       		.byte	4
 399 0172 7F       		.byte	127
ARM GAS  C:\Users\poorn\AppData\Local\Temp\ccmEm2Rs.s 			page 8


 400 0173 10       		.byte	16
 401 0174 90       		.byte	-112
 402 0175 02       		.byte	2
 403 0176 92       		.byte	-110
 404 0177 01       		.byte	1
 405 0178 98       		.byte	-104
 406 0179 80       		.byte	-128
 407 017a 9B       		.byte	-101
 408 017b 30       		.byte	48
 409 017c 9D       		.byte	-99
 410 017d 10       		.byte	16
 411 017e A2       		.byte	-94
 412 017f 01       		.byte	1
 413 0180 A3       		.byte	-93
 414 0181 40       		.byte	64
 415 0182 A7       		.byte	-89
 416 0183 24       		.byte	36
 417 0184 A8       		.byte	-88
 418 0185 80       		.byte	-128
 419 0186 AF       		.byte	-81
 420 0187 04       		.byte	4
 421 0188 C0       		.byte	-64
 422 0189 E0       		.byte	-32
 423 018a C2       		.byte	-62
 424 018b E1       		.byte	-31
 425 018c C4       		.byte	-60
 426 018d 40       		.byte	64
 427 018e CA       		.byte	-54
 428 018f 1C       		.byte	28
 429 0190 CC       		.byte	-52
 430 0191 CE       		.byte	-50
 431 0192 CE       		.byte	-50
 432 0193 87       		.byte	-121
 433 0194 D6       		.byte	-42
 434 0195 F0       		.byte	-16
 435 0196 D8       		.byte	-40
 436 0197 60       		.byte	96
 437 0198 DE       		.byte	-34
 438 0199 40       		.byte	64
 439 019a 01       		.byte	1
 440 019b C7       		.byte	-57
 441 019c 05       		.byte	5
 442 019d 02       		.byte	2
 443 019e 07       		.byte	7
 444 019f 04       		.byte	4
 445 01a0 08       		.byte	8
 446 01a1 CC       		.byte	-52
 447 01a2 09       		.byte	9
 448 01a3 63       		.byte	99
 449 01a4 0A       		.byte	10
 450 01a5 21       		.byte	33
 451 01a6 0C       		.byte	12
 452 01a7 CC       		.byte	-52
 453 01a8 0E       		.byte	14
 454 01a9 12       		.byte	18
 455 01aa 17       		.byte	23
 456 01ab 19       		.byte	25
ARM GAS  C:\Users\poorn\AppData\Local\Temp\ccmEm2Rs.s 			page 9


 457 01ac 18       		.byte	24
 458 01ad 77       		.byte	119
 459 01ae 19       		.byte	25
 460 01af A6       		.byte	-90
 461 01b0 1B       		.byte	27
 462 01b1 01       		.byte	1
 463 01b2 1C       		.byte	28
 464 01b3 80       		.byte	-128
 465 01b4 1D       		.byte	29
 466 01b5 08       		.byte	8
 467 01b6 1E       		.byte	30
 468 01b7 1F       		.byte	31
 469 01b8 21       		.byte	33
 470 01b9 06       		.byte	6
 471 01ba 24       		.byte	36
 472 01bb BB       		.byte	-69
 473 01bc 26       		.byte	38
 474 01bd 44       		.byte	68
 475 01be 28       		.byte	40
 476 01bf 08       		.byte	8
 477 01c0 29       		.byte	41
 478 01c1 C5       		.byte	-59
 479 01c2 2A       		.byte	42
 480 01c3 F1       		.byte	-15
 481 01c4 2B       		.byte	43
 482 01c5 02       		.byte	2
 483 01c6 2F       		.byte	47
 484 01c7 08       		.byte	8
 485 01c8 31       		.byte	49
 486 01c9 08       		.byte	8
 487 01ca 33       		.byte	51
 488 01cb 07       		.byte	7
 489 01cc 34       		.byte	52
 490 01cd F0       		.byte	-16
 491 01ce 35       		.byte	53
 492 01cf E0       		.byte	-32
 493 01d0 36       		.byte	54
 494 01d1 0F       		.byte	15
 495 01d2 37       		.byte	55
 496 01d3 10       		.byte	16
 497 01d4 39       		.byte	57
 498 01d5 20       		.byte	32
 499 01d6 3F       		.byte	63
 500 01d7 01       		.byte	1
 501 01d8 58       		.byte	88
 502 01d9 04       		.byte	4
 503 01da 59       		.byte	89
 504 01db 04       		.byte	4
 505 01dc 5F       		.byte	95
 506 01dd 01       		.byte	1
 507 01de 86       		.byte	-122
 508 01df 0C       		.byte	12
 509 01e0 88       		.byte	-120
 510 01e1 0C       		.byte	12
 511 01e2 94       		.byte	-108
 512 01e3 08       		.byte	8
 513 01e4 96       		.byte	-106
ARM GAS  C:\Users\poorn\AppData\Local\Temp\ccmEm2Rs.s 			page 10


 514 01e5 04       		.byte	4
 515 01e6 98       		.byte	-104
 516 01e7 03       		.byte	3
 517 01e8 9C       		.byte	-100
 518 01e9 03       		.byte	3
 519 01ea A8       		.byte	-88
 520 01eb 01       		.byte	1
 521 01ec B0       		.byte	-80
 522 01ed 04       		.byte	4
 523 01ee B2       		.byte	-78
 524 01ef 08       		.byte	8
 525 01f0 B4       		.byte	-76
 526 01f1 02       		.byte	2
 527 01f2 B6       		.byte	-74
 528 01f3 01       		.byte	1
 529 01f4 B8       		.byte	-72
 530 01f5 A0       		.byte	-96
 531 01f6 BE       		.byte	-66
 532 01f7 45       		.byte	69
 533 01f8 C0       		.byte	-64
 534 01f9 51       		.byte	81
 535 01fa C1       		.byte	-63
 536 01fb 06       		.byte	6
 537 01fc C5       		.byte	-59
 538 01fd 32       		.byte	50
 539 01fe C6       		.byte	-58
 540 01ff C0       		.byte	-64
 541 0200 C7       		.byte	-57
 542 0201 4E       		.byte	78
 543 0202 C8       		.byte	-56
 544 0203 3B       		.byte	59
 545 0204 C9       		.byte	-55
 546 0205 FF       		.byte	-1
 547 0206 CA       		.byte	-54
 548 0207 FF       		.byte	-1
 549 0208 CB       		.byte	-53
 550 0209 FF       		.byte	-1
 551 020a CD       		.byte	-51
 552 020b A0       		.byte	-96
 553 020c CF       		.byte	-49
 554 020d 01       		.byte	1
 555 020e D0       		.byte	-48
 556 020f 18       		.byte	24
 557 0210 D2       		.byte	-46
 558 0211 80       		.byte	-128
 559 0212 D4       		.byte	-44
 560 0213 0F       		.byte	15
 561 0214 D8       		.byte	-40
 562 0215 04       		.byte	4
 563 0216 DA       		.byte	-38
 564 0217 04       		.byte	4
 565 0218 DB       		.byte	-37
 566 0219 04       		.byte	4
 567 021a DF       		.byte	-33
 568 021b 01       		.byte	1
 569 021c E0       		.byte	-32
 570 021d 40       		.byte	64
ARM GAS  C:\Users\poorn\AppData\Local\Temp\ccmEm2Rs.s 			page 11


 571 021e E2       		.byte	-30
 572 021f 80       		.byte	-128
 573 0220 E4       		.byte	-28
 574 0221 40       		.byte	64
 575 0222 E5       		.byte	-27
 576 0223 40       		.byte	64
 577 0224 E6       		.byte	-26
 578 0225 80       		.byte	-128
 579 0226 E8       		.byte	-24
 580 0227 40       		.byte	64
 581 0228 EA       		.byte	-22
 582 0229 80       		.byte	-128
 583 022a EC       		.byte	-20
 584 022b 40       		.byte	64
 585 022c ED       		.byte	-19
 586 022d 20       		.byte	32
 587 022e EE       		.byte	-18
 588 022f 80       		.byte	-128
 589 0230 01       		.byte	1
 590 0231 A0       		.byte	-96
 591 0232 04       		.byte	4
 592 0233 24       		.byte	36
 593 0234 09       		.byte	9
 594 0235 20       		.byte	32
 595 0236 0A       		.byte	10
 596 0237 01       		.byte	1
 597 0238 0F       		.byte	15
 598 0239 1A       		.byte	26
 599 023a 12       		.byte	18
 600 023b 20       		.byte	32
 601 023c 13       		.byte	19
 602 023d 20       		.byte	32
 603 023e 15       		.byte	21
 604 023f 20       		.byte	32
 605 0240 18       		.byte	24
 606 0241 02       		.byte	2
 607 0242 19       		.byte	25
 608 0243 A0       		.byte	-96
 609 0244 1C       		.byte	28
 610 0245 04       		.byte	4
 611 0246 1D       		.byte	29
 612 0247 80       		.byte	-128
 613 0248 1E       		.byte	30
 614 0249 60       		.byte	96
 615 024a 21       		.byte	33
 616 024b 38       		.byte	56
 617 024c 22       		.byte	34
 618 024d 40       		.byte	64
 619 024e 23       		.byte	35
 620 024f 48       		.byte	72
 621 0250 29       		.byte	41
 622 0251 20       		.byte	32
 623 0252 2A       		.byte	42
 624 0253 40       		.byte	64
 625 0254 2B       		.byte	43
 626 0255 40       		.byte	64
 627 0256 31       		.byte	49
ARM GAS  C:\Users\poorn\AppData\Local\Temp\ccmEm2Rs.s 			page 12


 628 0257 08       		.byte	8
 629 0258 32       		.byte	50
 630 0259 60       		.byte	96
 631 025a 38       		.byte	56
 632 025b 02       		.byte	2
 633 025c 39       		.byte	57
 634 025d 20       		.byte	32
 635 025e 3A       		.byte	58
 636 025f 08       		.byte	8
 637 0260 45       		.byte	69
 638 0261 80       		.byte	-128
 639 0262 4F       		.byte	79
 640 0263 5A       		.byte	90
 641 0264 56       		.byte	86
 642 0265 24       		.byte	36
 643 0266 57       		.byte	87
 644 0267 02       		.byte	2
 645 0268 5E       		.byte	94
 646 0269 60       		.byte	96
 647 026a 5F       		.byte	95
 648 026b 09       		.byte	9
 649 026c 76       		.byte	118
 650 026d 40       		.byte	64
 651 026e 90       		.byte	-112
 652 026f 20       		.byte	32
 653 0270 92       		.byte	-110
 654 0271 01       		.byte	1
 655 0272 93       		.byte	-109
 656 0273 11       		.byte	17
 657 0274 95       		.byte	-107
 658 0275 20       		.byte	32
 659 0276 9A       		.byte	-102
 660 0277 08       		.byte	8
 661 0278 9B       		.byte	-101
 662 0279 20       		.byte	32
 663 027a 9D       		.byte	-99
 664 027b A0       		.byte	-96
 665 027c 9E       		.byte	-98
 666 027d 24       		.byte	36
 667 027e A2       		.byte	-94
 668 027f 20       		.byte	32
 669 0280 A3       		.byte	-93
 670 0281 40       		.byte	64
 671 0282 A7       		.byte	-89
 672 0283 07       		.byte	7
 673 0284 C0       		.byte	-64
 674 0285 63       		.byte	99
 675 0286 C2       		.byte	-62
 676 0287 E3       		.byte	-29
 677 0288 C4       		.byte	-60
 678 0289 46       		.byte	70
 679 028a CA       		.byte	-54
 680 028b 0D       		.byte	13
 681 028c CC       		.byte	-52
 682 028d 0E       		.byte	14
 683 028e CE       		.byte	-50
 684 028f 07       		.byte	7
ARM GAS  C:\Users\poorn\AppData\Local\Temp\ccmEm2Rs.s 			page 13


 685 0290 D0       		.byte	-48
 686 0291 10       		.byte	16
 687 0292 D2       		.byte	-46
 688 0293 30       		.byte	48
 689 0294 D6       		.byte	-42
 690 0295 F0       		.byte	-16
 691 0296 EE       		.byte	-18
 692 0297 08       		.byte	8
 693 0298 EE       		.byte	-18
 694 0299 08       		.byte	8
 695 029a 03       		.byte	3
 696 029b 40       		.byte	64
 697 029c 05       		.byte	5
 698 029d 02       		.byte	2
 699 029e 33       		.byte	51
 700 029f 20       		.byte	32
 701 02a0 C0       		.byte	-64
 702 02a1 30       		.byte	48
 703 02a2 CC       		.byte	-52
 704 02a3 10       		.byte	16
 705 02a4 A7       		.byte	-89
 706 02a5 20       		.byte	32
 707 02a6 AB       		.byte	-85
 708 02a7 40       		.byte	64
 709 02a8 AD       		.byte	-83
 710 02a9 02       		.byte	2
 711 02aa EC       		.byte	-20
 712 02ab 90       		.byte	-112
 713 02ac A7       		.byte	-89
 714 02ad 20       		.byte	32
 715 02ae A7       		.byte	-89
 716 02af 20       		.byte	32
 717 02b0 A7       		.byte	-89
 718 02b1 20       		.byte	32
 719 02b2 AF       		.byte	-81
 720 02b3 20       		.byte	32
 721 02b4 EE       		.byte	-18
 722 02b5 10       		.byte	16
 723 02b6 1F       		.byte	31
 724 02b7 80       		.byte	-128
 725 02b8 C6       		.byte	-58
 726 02b9 01       		.byte	1
 727 02ba AF       		.byte	-81
 728 02bb 80       		.byte	-128
 729 02bc 00       		.byte	0
 730 02bd 01       		.byte	1
 731 02be 08       		.byte	8
 732 02bf 01       		.byte	1
 733 02c0 0A       		.byte	10
 734 02c1 01       		.byte	1
 735 02c2 00       		.byte	0
 736 02c3 03       		.byte	3
 737 02c4 00       		.byte	0
 738 02c5 00       		.byte	0
 739 02c6 00       		.byte	0
 740 02c7 00       		.byte	0
 741 02c8 00       		.byte	0
ARM GAS  C:\Users\poorn\AppData\Local\Temp\ccmEm2Rs.s 			page 14


 742 02c9 00       		.byte	0
 743 02ca 04       		.byte	4
 744 02cb 00       		.byte	0
 745 02cc 00       		.byte	0
 746 02cd CB       		.byte	-53
 747 02ce CB       		.byte	-53
 748 02cf 00       		.byte	0
 749 02d0 00       		.byte	0
 750 02d1 00       		.byte	0
 751 02d2 00       		.byte	0
 752 02d3 00       		.byte	0
 753 02d4 00       		.byte	0
 754 02d5 7F       		.byte	127
 755 02d6 7F       		.byte	127
 756 02d7 00       		.byte	0
 757 02d8 00       		.byte	0
 758 02d9 00       		.byte	0
 759 02da 00       		.byte	0
 760 02db 00       		.byte	0
 761 02dc 03       		.byte	3
 762 02dd 00       		.byte	0
 763 02de 00       		.byte	0
 764 02df 03       		.byte	3
 765 02e0 00       		.byte	0
 766 02e1 00       		.byte	0
 767 02e2 00       		.byte	0
 768 02e3 00       		.byte	0
 769 02e4 00       		.byte	0
 770 02e5 00       		.byte	0
 771 02e6 00       		.byte	0
 772 02e7 00       		.byte	0
 773 02e8 00       		.byte	0
 774 02e9 00       		.byte	0
 775 02ea 00       		.byte	0
 776 02eb 00       		.byte	0
 777 02ec 00       		.byte	0
 778 02ed 00       		.byte	0
 779 02ee 20       		.byte	32
 780 02ef 00       		.byte	0
 781 02f0 01       		.byte	1
 782 02f1 00       		.byte	0
 783 02f2 18       		.byte	24
 784 02f3 01       		.byte	1
 785              		.section	.cywolatch,"a",%progbits
 786              		.align	2
 787              		.type	cy_meta_wonvl, %object
 788              		.size	cy_meta_wonvl, 4
 789              	cy_meta_wonvl:
 790 0000 BC       		.byte	-68
 791 0001 90       		.byte	-112
 792 0002 AC       		.byte	-84
 793 0003 AF       		.byte	-81
 794              		.section	.cycustnvl,"a",%progbits
 795              		.align	2
 796              		.type	cy_meta_custnvl, %object
 797              		.size	cy_meta_custnvl, 4
 798              	cy_meta_custnvl:
ARM GAS  C:\Users\poorn\AppData\Local\Temp\ccmEm2Rs.s 			page 15


 799 0000 00       		.byte	0
 800 0001 00       		.byte	0
 801 0002 40       		.byte	64
 802 0003 05       		.byte	5
 803              		.section	.cymeta,"a",%progbits
 804              		.align	2
 805              		.type	cy_metadata, %object
 806              		.size	cy_metadata, 12
 807              	cy_metadata:
 808 0000 00       		.byte	0
 809 0001 01       		.byte	1
 810 0002 2E       		.byte	46
 811 0003 12       		.byte	18
 812 0004 30       		.byte	48
 813 0005 69       		.byte	105
 814 0006 00       		.byte	0
 815 0007 01       		.byte	1
 816 0008 00       		.byte	0
 817 0009 00       		.byte	0
 818 000a 00       		.byte	0
 819 000b 00       		.byte	0
 820              		.section	.cyflashprotect,"a",%progbits
 821              		.align	2
 822              		.type	cy_meta_flashprotect, %object
 823              		.size	cy_meta_flashprotect, 256
 824              	cy_meta_flashprotect:
 825 0000 00000000 		.space	256
 825      00000000 
 825      00000000 
 825      00000000 
 825      00000000 
 826              		.text
 827              	.Letext0:
 828              		.file 1 "c:\\program files (x86)\\cypress\\psoc creator\\4.2\\psoc creator\\import\\gnu\\arm\\5.4.
 829              		.file 2 "c:\\program files (x86)\\cypress\\psoc creator\\4.2\\psoc creator\\import\\gnu\\arm\\5.4.
 830              		.file 3 "Generated_Source\\PSoC5\\cymetadata.c"
 831              		.section	.debug_info,"",%progbits
 832              	.Ldebug_info0:
 833 0000 31010000 		.4byte	0x131
 834 0004 0400     		.2byte	0x4
 835 0006 00000000 		.4byte	.Ldebug_abbrev0
 836 000a 04       		.byte	0x4
 837 000b 01       		.uleb128 0x1
 838 000c 24000000 		.4byte	.LASF17
 839 0010 0C       		.byte	0xc
 840 0011 CB010000 		.4byte	.LASF18
 841 0015 51010000 		.4byte	.LASF19
 842 0019 00000000 		.4byte	.Ldebug_line0
 843 001d 02       		.uleb128 0x2
 844 001e 01       		.byte	0x1
 845 001f 06       		.byte	0x6
 846 0020 BF010000 		.4byte	.LASF0
 847 0024 03       		.uleb128 0x3
 848 0025 00000000 		.4byte	.LASF9
 849 0029 01       		.byte	0x1
 850 002a 1D       		.byte	0x1d
 851 002b 2F000000 		.4byte	0x2f
ARM GAS  C:\Users\poorn\AppData\Local\Temp\ccmEm2Rs.s 			page 16


 852 002f 02       		.uleb128 0x2
 853 0030 01       		.byte	0x1
 854 0031 08       		.byte	0x8
 855 0032 16000000 		.4byte	.LASF1
 856 0036 02       		.uleb128 0x2
 857 0037 02       		.byte	0x2
 858 0038 05       		.byte	0x5
 859 0039 AC010000 		.4byte	.LASF2
 860 003d 02       		.uleb128 0x2
 861 003e 02       		.byte	0x2
 862 003f 07       		.byte	0x7
 863 0040 C4000000 		.4byte	.LASF3
 864 0044 02       		.uleb128 0x2
 865 0045 04       		.byte	0x4
 866 0046 05       		.byte	0x5
 867 0047 B6010000 		.4byte	.LASF4
 868 004b 02       		.uleb128 0x2
 869 004c 04       		.byte	0x4
 870 004d 07       		.byte	0x7
 871 004e B2000000 		.4byte	.LASF5
 872 0052 02       		.uleb128 0x2
 873 0053 08       		.byte	0x8
 874 0054 05       		.byte	0x5
 875 0055 9E010000 		.4byte	.LASF6
 876 0059 02       		.uleb128 0x2
 877 005a 08       		.byte	0x8
 878 005b 07       		.byte	0x7
 879 005c 06010000 		.4byte	.LASF7
 880 0060 04       		.uleb128 0x4
 881 0061 04       		.byte	0x4
 882 0062 05       		.byte	0x5
 883 0063 696E7400 		.ascii	"int\000"
 884 0067 02       		.uleb128 0x2
 885 0068 04       		.byte	0x4
 886 0069 07       		.byte	0x7
 887 006a F9000000 		.4byte	.LASF8
 888 006e 03       		.uleb128 0x3
 889 006f 1D010000 		.4byte	.LASF10
 890 0073 02       		.byte	0x2
 891 0074 18       		.byte	0x18
 892 0075 24000000 		.4byte	0x24
 893 0079 05       		.uleb128 0x5
 894 007a 91000000 		.4byte	0x91
 895 007e 8A000000 		.4byte	0x8a
 896 0082 06       		.uleb128 0x6
 897 0083 8A000000 		.4byte	0x8a
 898 0087 F302     		.2byte	0x2f3
 899 0089 00       		.byte	0
 900 008a 02       		.uleb128 0x2
 901 008b 04       		.byte	0x4
 902 008c 07       		.byte	0x7
 903 008d 48010000 		.4byte	.LASF11
 904 0091 07       		.uleb128 0x7
 905 0092 6E000000 		.4byte	0x6e
 906 0096 08       		.uleb128 0x8
 907 0097 E7000000 		.4byte	.LASF12
 908 009b 03       		.byte	0x3
ARM GAS  C:\Users\poorn\AppData\Local\Temp\ccmEm2Rs.s 			page 17


 909 009c 1F       		.byte	0x1f
 910 009d A7000000 		.4byte	0xa7
 911 00a1 05       		.uleb128 0x5
 912 00a2 03       		.byte	0x3
 913 00a3 00000000 		.4byte	cy_meta_configecc
 914 00a7 07       		.uleb128 0x7
 915 00a8 79000000 		.4byte	0x79
 916 00ac 05       		.uleb128 0x5
 917 00ad 91000000 		.4byte	0x91
 918 00b1 BC000000 		.4byte	0xbc
 919 00b5 09       		.uleb128 0x9
 920 00b6 8A000000 		.4byte	0x8a
 921 00ba 03       		.byte	0x3
 922 00bb 00       		.byte	0
 923 00bc 08       		.uleb128 0x8
 924 00bd D7000000 		.4byte	.LASF13
 925 00c1 03       		.byte	0x3
 926 00c2 8B       		.byte	0x8b
 927 00c3 CD000000 		.4byte	0xcd
 928 00c7 05       		.uleb128 0x5
 929 00c8 03       		.byte	0x3
 930 00c9 00000000 		.4byte	cy_meta_custnvl
 931 00cd 07       		.uleb128 0x7
 932 00ce AC000000 		.4byte	0xac
 933 00d2 08       		.uleb128 0x8
 934 00d3 3A010000 		.4byte	.LASF14
 935 00d7 03       		.byte	0x3
 936 00d8 99       		.byte	0x99
 937 00d9 E3000000 		.4byte	0xe3
 938 00dd 05       		.uleb128 0x5
 939 00de 03       		.byte	0x3
 940 00df 00000000 		.4byte	cy_meta_wonvl
 941 00e3 07       		.uleb128 0x7
 942 00e4 AC000000 		.4byte	0xac
 943 00e8 05       		.uleb128 0x5
 944 00e9 91000000 		.4byte	0x91
 945 00ed F8000000 		.4byte	0xf8
 946 00f1 09       		.uleb128 0x9
 947 00f2 8A000000 		.4byte	0x8a
 948 00f6 FF       		.byte	0xff
 949 00f7 00       		.byte	0
 950 00f8 08       		.uleb128 0x8
 951 00f9 25010000 		.4byte	.LASF15
 952 00fd 03       		.byte	0x3
 953 00fe A7       		.byte	0xa7
 954 00ff 09010000 		.4byte	0x109
 955 0103 05       		.uleb128 0x5
 956 0104 03       		.byte	0x3
 957 0105 00000000 		.4byte	cy_meta_flashprotect
 958 0109 07       		.uleb128 0x7
 959 010a E8000000 		.4byte	0xe8
 960 010e 05       		.uleb128 0x5
 961 010f 91000000 		.4byte	0x91
 962 0113 1E010000 		.4byte	0x11e
 963 0117 09       		.uleb128 0x9
 964 0118 8A000000 		.4byte	0x8a
 965 011c 0B       		.byte	0xb
ARM GAS  C:\Users\poorn\AppData\Local\Temp\ccmEm2Rs.s 			page 18


 966 011d 00       		.byte	0
 967 011e 08       		.uleb128 0x8
 968 011f 0A000000 		.4byte	.LASF16
 969 0123 03       		.byte	0x3
 970 0124 D4       		.byte	0xd4
 971 0125 2F010000 		.4byte	0x12f
 972 0129 05       		.uleb128 0x5
 973 012a 03       		.byte	0x3
 974 012b 00000000 		.4byte	cy_metadata
 975 012f 07       		.uleb128 0x7
 976 0130 0E010000 		.4byte	0x10e
 977 0134 00       		.byte	0
 978              		.section	.debug_abbrev,"",%progbits
 979              	.Ldebug_abbrev0:
 980 0000 01       		.uleb128 0x1
 981 0001 11       		.uleb128 0x11
 982 0002 01       		.byte	0x1
 983 0003 25       		.uleb128 0x25
 984 0004 0E       		.uleb128 0xe
 985 0005 13       		.uleb128 0x13
 986 0006 0B       		.uleb128 0xb
 987 0007 03       		.uleb128 0x3
 988 0008 0E       		.uleb128 0xe
 989 0009 1B       		.uleb128 0x1b
 990 000a 0E       		.uleb128 0xe
 991 000b 10       		.uleb128 0x10
 992 000c 17       		.uleb128 0x17
 993 000d 00       		.byte	0
 994 000e 00       		.byte	0
 995 000f 02       		.uleb128 0x2
 996 0010 24       		.uleb128 0x24
 997 0011 00       		.byte	0
 998 0012 0B       		.uleb128 0xb
 999 0013 0B       		.uleb128 0xb
 1000 0014 3E       		.uleb128 0x3e
 1001 0015 0B       		.uleb128 0xb
 1002 0016 03       		.uleb128 0x3
 1003 0017 0E       		.uleb128 0xe
 1004 0018 00       		.byte	0
 1005 0019 00       		.byte	0
 1006 001a 03       		.uleb128 0x3
 1007 001b 16       		.uleb128 0x16
 1008 001c 00       		.byte	0
 1009 001d 03       		.uleb128 0x3
 1010 001e 0E       		.uleb128 0xe
 1011 001f 3A       		.uleb128 0x3a
 1012 0020 0B       		.uleb128 0xb
 1013 0021 3B       		.uleb128 0x3b
 1014 0022 0B       		.uleb128 0xb
 1015 0023 49       		.uleb128 0x49
 1016 0024 13       		.uleb128 0x13
 1017 0025 00       		.byte	0
 1018 0026 00       		.byte	0
 1019 0027 04       		.uleb128 0x4
 1020 0028 24       		.uleb128 0x24
 1021 0029 00       		.byte	0
 1022 002a 0B       		.uleb128 0xb
ARM GAS  C:\Users\poorn\AppData\Local\Temp\ccmEm2Rs.s 			page 19


 1023 002b 0B       		.uleb128 0xb
 1024 002c 3E       		.uleb128 0x3e
 1025 002d 0B       		.uleb128 0xb
 1026 002e 03       		.uleb128 0x3
 1027 002f 08       		.uleb128 0x8
 1028 0030 00       		.byte	0
 1029 0031 00       		.byte	0
 1030 0032 05       		.uleb128 0x5
 1031 0033 01       		.uleb128 0x1
 1032 0034 01       		.byte	0x1
 1033 0035 49       		.uleb128 0x49
 1034 0036 13       		.uleb128 0x13
 1035 0037 01       		.uleb128 0x1
 1036 0038 13       		.uleb128 0x13
 1037 0039 00       		.byte	0
 1038 003a 00       		.byte	0
 1039 003b 06       		.uleb128 0x6
 1040 003c 21       		.uleb128 0x21
 1041 003d 00       		.byte	0
 1042 003e 49       		.uleb128 0x49
 1043 003f 13       		.uleb128 0x13
 1044 0040 2F       		.uleb128 0x2f
 1045 0041 05       		.uleb128 0x5
 1046 0042 00       		.byte	0
 1047 0043 00       		.byte	0
 1048 0044 07       		.uleb128 0x7
 1049 0045 26       		.uleb128 0x26
 1050 0046 00       		.byte	0
 1051 0047 49       		.uleb128 0x49
 1052 0048 13       		.uleb128 0x13
 1053 0049 00       		.byte	0
 1054 004a 00       		.byte	0
 1055 004b 08       		.uleb128 0x8
 1056 004c 34       		.uleb128 0x34
 1057 004d 00       		.byte	0
 1058 004e 03       		.uleb128 0x3
 1059 004f 0E       		.uleb128 0xe
 1060 0050 3A       		.uleb128 0x3a
 1061 0051 0B       		.uleb128 0xb
 1062 0052 3B       		.uleb128 0x3b
 1063 0053 0B       		.uleb128 0xb
 1064 0054 49       		.uleb128 0x49
 1065 0055 13       		.uleb128 0x13
 1066 0056 3F       		.uleb128 0x3f
 1067 0057 19       		.uleb128 0x19
 1068 0058 02       		.uleb128 0x2
 1069 0059 18       		.uleb128 0x18
 1070 005a 00       		.byte	0
 1071 005b 00       		.byte	0
 1072 005c 09       		.uleb128 0x9
 1073 005d 21       		.uleb128 0x21
 1074 005e 00       		.byte	0
 1075 005f 49       		.uleb128 0x49
 1076 0060 13       		.uleb128 0x13
 1077 0061 2F       		.uleb128 0x2f
 1078 0062 0B       		.uleb128 0xb
 1079 0063 00       		.byte	0
ARM GAS  C:\Users\poorn\AppData\Local\Temp\ccmEm2Rs.s 			page 20


 1080 0064 00       		.byte	0
 1081 0065 00       		.byte	0
 1082              		.section	.debug_aranges,"",%progbits
 1083 0000 14000000 		.4byte	0x14
 1084 0004 0200     		.2byte	0x2
 1085 0006 00000000 		.4byte	.Ldebug_info0
 1086 000a 04       		.byte	0x4
 1087 000b 00       		.byte	0
 1088 000c 0000     		.2byte	0
 1089 000e 0000     		.2byte	0
 1090 0010 00000000 		.4byte	0
 1091 0014 00000000 		.4byte	0
 1092              		.section	.debug_line,"",%progbits
 1093              	.Ldebug_line0:
 1094 0000 3D010000 		.section	.debug_str,"MS",%progbits,1
 1094      02003701 
 1094      00000201 
 1094      FB0E0D00 
 1094      01010101 
 1095              	.LASF9:
 1096 0000 5F5F7569 		.ascii	"__uint8_t\000"
 1096      6E74385F 
 1096      7400
 1097              	.LASF16:
 1098 000a 63795F6D 		.ascii	"cy_metadata\000"
 1098      65746164 
 1098      61746100 
 1099              	.LASF1:
 1100 0016 756E7369 		.ascii	"unsigned char\000"
 1100      676E6564 
 1100      20636861 
 1100      7200
 1101              	.LASF17:
 1102 0024 474E5520 		.ascii	"GNU C11 5.4.1 20160609 (release) [ARM/embedded-5-br"
 1102      43313120 
 1102      352E342E 
 1102      31203230 
 1102      31363036 
 1103 0057 616E6368 		.ascii	"anch revision 237715] -mcpu=cortex-m3 -mthumb -g -O"
 1103      20726576 
 1103      6973696F 
 1103      6E203233 
 1103      37373135 
 1104 008a 67202D66 		.ascii	"g -ffunction-sections -ffat-lto-objects\000"
 1104      66756E63 
 1104      74696F6E 
 1104      2D736563 
 1104      74696F6E 
 1105              	.LASF5:
 1106 00b2 6C6F6E67 		.ascii	"long unsigned int\000"
 1106      20756E73 
 1106      69676E65 
 1106      6420696E 
 1106      7400
 1107              	.LASF3:
 1108 00c4 73686F72 		.ascii	"short unsigned int\000"
 1108      7420756E 
ARM GAS  C:\Users\poorn\AppData\Local\Temp\ccmEm2Rs.s 			page 21


 1108      7369676E 
 1108      65642069 
 1108      6E7400
 1109              	.LASF13:
 1110 00d7 63795F6D 		.ascii	"cy_meta_custnvl\000"
 1110      6574615F 
 1110      63757374 
 1110      6E766C00 
 1111              	.LASF12:
 1112 00e7 63795F6D 		.ascii	"cy_meta_configecc\000"
 1112      6574615F 
 1112      636F6E66 
 1112      69676563 
 1112      6300
 1113              	.LASF8:
 1114 00f9 756E7369 		.ascii	"unsigned int\000"
 1114      676E6564 
 1114      20696E74 
 1114      00
 1115              	.LASF7:
 1116 0106 6C6F6E67 		.ascii	"long long unsigned int\000"
 1116      206C6F6E 
 1116      6720756E 
 1116      7369676E 
 1116      65642069 
 1117              	.LASF10:
 1118 011d 75696E74 		.ascii	"uint8_t\000"
 1118      385F7400 
 1119              	.LASF15:
 1120 0125 63795F6D 		.ascii	"cy_meta_flashprotect\000"
 1120      6574615F 
 1120      666C6173 
 1120      6870726F 
 1120      74656374 
 1121              	.LASF14:
 1122 013a 63795F6D 		.ascii	"cy_meta_wonvl\000"
 1122      6574615F 
 1122      776F6E76 
 1122      6C00
 1123              	.LASF11:
 1124 0148 73697A65 		.ascii	"sizetype\000"
 1124      74797065 
 1124      00
 1125              	.LASF19:
 1126 0151 433A5C55 		.ascii	"C:\\Users\\poorn\\Documents\\PSoC Creator\\ESM_Labs"
 1126      73657273 
 1126      5C706F6F 
 1126      726E5C44 
 1126      6F63756D 
 1127 017f 5C4C6162 		.ascii	"\\Lab3_Rotary_Encoder_POT.cydsn\000"
 1127      335F526F 
 1127      74617279 
 1127      5F456E63 
 1127      6F646572 
 1128              	.LASF6:
 1129 019e 6C6F6E67 		.ascii	"long long int\000"
 1129      206C6F6E 
ARM GAS  C:\Users\poorn\AppData\Local\Temp\ccmEm2Rs.s 			page 22


 1129      6720696E 
 1129      7400
 1130              	.LASF2:
 1131 01ac 73686F72 		.ascii	"short int\000"
 1131      7420696E 
 1131      7400
 1132              	.LASF4:
 1133 01b6 6C6F6E67 		.ascii	"long int\000"
 1133      20696E74 
 1133      00
 1134              	.LASF0:
 1135 01bf 7369676E 		.ascii	"signed char\000"
 1135      65642063 
 1135      68617200 
 1136              	.LASF18:
 1137 01cb 47656E65 		.ascii	"Generated_Source\\PSoC5\\cymetadata.c\000"
 1137      72617465 
 1137      645F536F 
 1137      75726365 
 1137      5C50536F 
 1138              		.ident	"GCC: (GNU Tools for ARM Embedded Processors) 5.4.1 20160609 (release) [ARM/embedded-5-bran
