ARM GAS  C:\Users\poorn\AppData\Local\Temp\ccAw75Qo.s 			page 1


   1              		.syntax unified
   2              		.cpu cortex-m3
   3              		.fpu softvfp
   4              		.eabi_attribute 20, 1
   5              		.eabi_attribute 21, 1
   6              		.eabi_attribute 23, 3
   7              		.eabi_attribute 24, 1
   8              		.eabi_attribute 25, 1
   9              		.eabi_attribute 26, 1
  10              		.eabi_attribute 30, 1
  11              		.eabi_attribute 34, 1
  12              		.eabi_attribute 18, 4
  13              		.thumb
  14              		.syntax unified
  15              		.file	"SH.c"
  16              		.text
  17              	.Ltext0:
  18              		.cfi_sections	.debug_frame
  19              		.section	.text.SH_Enable,"ax",%progbits
  20              		.align	2
  21              		.global	SH_Enable
  22              		.thumb
  23              		.thumb_func
  24              		.type	SH_Enable, %function
  25              	SH_Enable:
  26              	.LFB1:
  27              		.file 1 "Generated_Source\\PSoC5\\SH.c"
   1:Generated_Source\PSoC5/SH.c **** /*******************************************************************************
   2:Generated_Source\PSoC5/SH.c **** * File Name: SH.c
   3:Generated_Source\PSoC5/SH.c **** * Version 1.40
   4:Generated_Source\PSoC5/SH.c **** *
   5:Generated_Source\PSoC5/SH.c **** * Description:
   6:Generated_Source\PSoC5/SH.c **** *  This file provides the source code to the API for the SAMPLE/TRACK AND HOLD 
   7:Generated_Source\PSoC5/SH.c **** *  component.
   8:Generated_Source\PSoC5/SH.c **** *
   9:Generated_Source\PSoC5/SH.c **** * Note:
  10:Generated_Source\PSoC5/SH.c **** *  None
  11:Generated_Source\PSoC5/SH.c **** *
  12:Generated_Source\PSoC5/SH.c **** ********************************************************************************
  13:Generated_Source\PSoC5/SH.c **** * Copyright 2008-2012, Cypress Semiconductor Corporation.  All rights reserved.
  14:Generated_Source\PSoC5/SH.c **** * You may use this file only in accordance with the license, terms, conditions, 
  15:Generated_Source\PSoC5/SH.c **** * disclaimers, and limitations in the end user license agreement accompanying 
  16:Generated_Source\PSoC5/SH.c **** * the software package with which this file was provided.
  17:Generated_Source\PSoC5/SH.c **** *******************************************************************************/
  18:Generated_Source\PSoC5/SH.c **** 
  19:Generated_Source\PSoC5/SH.c **** #include "SH.h"
  20:Generated_Source\PSoC5/SH.c **** 
  21:Generated_Source\PSoC5/SH.c **** #if (!CY_PSOC5A)
  22:Generated_Source\PSoC5/SH.c ****     #if (CYDEV_VARIABLE_VDDA == 1u)
  23:Generated_Source\PSoC5/SH.c ****         #include "CyScBoostClk.h"
  24:Generated_Source\PSoC5/SH.c ****     #endif /* (CYDEV_VARIABLE_VDDA == 1u) */
  25:Generated_Source\PSoC5/SH.c **** #endif /* (!CY_PSOC5A) */
  26:Generated_Source\PSoC5/SH.c **** 
  27:Generated_Source\PSoC5/SH.c **** uint8 SH_initVar = 0u;
  28:Generated_Source\PSoC5/SH.c **** 
  29:Generated_Source\PSoC5/SH.c **** /* static SH_backupStruct  SH_backup; */
  30:Generated_Source\PSoC5/SH.c **** #if (CY_PSOC5A)
ARM GAS  C:\Users\poorn\AppData\Local\Temp\ccAw75Qo.s 			page 2


  31:Generated_Source\PSoC5/SH.c ****     static SH_backupStruct  SH_P5backup;
  32:Generated_Source\PSoC5/SH.c **** #endif /* CY_PSOC5A */
  33:Generated_Source\PSoC5/SH.c **** 
  34:Generated_Source\PSoC5/SH.c **** 
  35:Generated_Source\PSoC5/SH.c **** 
  36:Generated_Source\PSoC5/SH.c **** /*******************************************************************************   
  37:Generated_Source\PSoC5/SH.c **** * Function Name: SH_Init
  38:Generated_Source\PSoC5/SH.c **** ********************************************************************************
  39:Generated_Source\PSoC5/SH.c **** *
  40:Generated_Source\PSoC5/SH.c **** * Summary:
  41:Generated_Source\PSoC5/SH.c **** *  Initialize component's parameters to the parameters set by user in the 
  42:Generated_Source\PSoC5/SH.c **** *  customizer of the component placed onto schematic. Usually called in 
  43:Generated_Source\PSoC5/SH.c **** *  SH_Start().
  44:Generated_Source\PSoC5/SH.c **** *
  45:Generated_Source\PSoC5/SH.c **** * Parameters:
  46:Generated_Source\PSoC5/SH.c **** *  void
  47:Generated_Source\PSoC5/SH.c **** *
  48:Generated_Source\PSoC5/SH.c **** * Return:
  49:Generated_Source\PSoC5/SH.c **** *  void
  50:Generated_Source\PSoC5/SH.c **** *
  51:Generated_Source\PSoC5/SH.c **** *******************************************************************************/
  52:Generated_Source\PSoC5/SH.c **** void SH_Init(void) 
  53:Generated_Source\PSoC5/SH.c **** {   
  54:Generated_Source\PSoC5/SH.c ****     /* Configure SC Block based on selected Sample/Track type */
  55:Generated_Source\PSoC5/SH.c ****     #if (SH_SAMPLE_TRACK_MODE == SH_SAMPLEANDHOLD) /* Sample and hold mode */
  56:Generated_Source\PSoC5/SH.c ****         /* SC Block mode -  - SCxx_CR0[3:1] */
  57:Generated_Source\PSoC5/SH.c ****         SH_CR0_REG = SH_MODE_SAMPLEANDHOLD;
  58:Generated_Source\PSoC5/SH.c ****         
  59:Generated_Source\PSoC5/SH.c ****         /* SC Block CR1 */ 
  60:Generated_Source\PSoC5/SH.c ****         SH_CR1_REG = (SH_COMP_4P35PF  |
  61:Generated_Source\PSoC5/SH.c ****                                 SH_GAIN_0DB);
  62:Generated_Source\PSoC5/SH.c ****         #if(SH_SAMPLE_CLOCK_EDGE == SH_EDGE_POSITIVENEGATIVE)
  63:Generated_Source\PSoC5/SH.c ****             SH_CR1_REG =  SH_CR1_REG  | SH_DIV2_DISABLE ;
  64:Generated_Source\PSoC5/SH.c ****         #else
  65:Generated_Source\PSoC5/SH.c ****             SH_CR1_REG =  SH_CR1_REG  | SH_DIV2_ENABLE ;
  66:Generated_Source\PSoC5/SH.c ****         #endif
  67:Generated_Source\PSoC5/SH.c ****          
  68:Generated_Source\PSoC5/SH.c ****         #if(SH_VREF_TYPE == SH_EXTERNAL)
  69:Generated_Source\PSoC5/SH.c ****             SH_CR2_REG = SH_BIAS_LOW |
  70:Generated_Source\PSoC5/SH.c ****                                        SH_REDC_00 | 
  71:Generated_Source\PSoC5/SH.c ****                                        SH_GNDVREF_DI;
  72:Generated_Source\PSoC5/SH.c ****         #else
  73:Generated_Source\PSoC5/SH.c ****             SH_CR2_REG = SH_BIAS_LOW |
  74:Generated_Source\PSoC5/SH.c ****                                        SH_REDC_00 | 
  75:Generated_Source\PSoC5/SH.c ****                                        SH_GNDVREF_E;
  76:Generated_Source\PSoC5/SH.c ****         #endif
  77:Generated_Source\PSoC5/SH.c ****     #else
  78:Generated_Source\PSoC5/SH.c ****         /* Track and Hold Mode */
  79:Generated_Source\PSoC5/SH.c ****         /* SC Block mode -  - SCxx_CR0[3:1] */
  80:Generated_Source\PSoC5/SH.c ****         SH_CR0_REG = SH_MODE_TRACKANDHOLD; 
  81:Generated_Source\PSoC5/SH.c ****         
  82:Generated_Source\PSoC5/SH.c ****         /* SC Block CR1 */ 
  83:Generated_Source\PSoC5/SH.c ****         SH_CR1_REG = SH_COMP_4P35PF  |
  84:Generated_Source\PSoC5/SH.c ****                                    SH_DIV2_ENABLE |
  85:Generated_Source\PSoC5/SH.c ****                                    SH_GAIN_0DB;
  86:Generated_Source\PSoC5/SH.c ****                                 
  87:Generated_Source\PSoC5/SH.c ****         /* SC Block CR2 */
ARM GAS  C:\Users\poorn\AppData\Local\Temp\ccAw75Qo.s 			page 3


  88:Generated_Source\PSoC5/SH.c ****         SH_CR2_REG = SH_BIAS_LOW |
  89:Generated_Source\PSoC5/SH.c ****                                    SH_REDC_00 |
  90:Generated_Source\PSoC5/SH.c ****                                    SH_GNDVREF_E;
  91:Generated_Source\PSoC5/SH.c ****     #endif /* end if - Sample/Track Type */
  92:Generated_Source\PSoC5/SH.c ****     
  93:Generated_Source\PSoC5/SH.c ****     /* Enable SC Block clocking */
  94:Generated_Source\PSoC5/SH.c ****     SH_CLK_REG |= SH_CLK_EN;
  95:Generated_Source\PSoC5/SH.c ****     
  96:Generated_Source\PSoC5/SH.c ****     /* Set default power */
  97:Generated_Source\PSoC5/SH.c ****     SH_SetPower(SH_INIT_POWER);
  98:Generated_Source\PSoC5/SH.c **** }
  99:Generated_Source\PSoC5/SH.c **** 
 100:Generated_Source\PSoC5/SH.c **** 
 101:Generated_Source\PSoC5/SH.c **** /*******************************************************************************   
 102:Generated_Source\PSoC5/SH.c **** * Function Name: SH_Enable
 103:Generated_Source\PSoC5/SH.c **** ********************************************************************************
 104:Generated_Source\PSoC5/SH.c **** *
 105:Generated_Source\PSoC5/SH.c **** * Summary:
 106:Generated_Source\PSoC5/SH.c **** *  Enables the Sample/Track and Hold block operation
 107:Generated_Source\PSoC5/SH.c **** *
 108:Generated_Source\PSoC5/SH.c **** * Parameters:
 109:Generated_Source\PSoC5/SH.c **** *  void
 110:Generated_Source\PSoC5/SH.c **** *
 111:Generated_Source\PSoC5/SH.c **** * Return:
 112:Generated_Source\PSoC5/SH.c **** *  void
 113:Generated_Source\PSoC5/SH.c **** *
 114:Generated_Source\PSoC5/SH.c **** *******************************************************************************/
 115:Generated_Source\PSoC5/SH.c **** void SH_Enable(void) 
 116:Generated_Source\PSoC5/SH.c **** {
  28              		.loc 1 116 0
  29              		.cfi_startproc
  30              		@ args = 0, pretend = 0, frame = 0
  31              		@ frame_needed = 0, uses_anonymous_args = 0
  32              		@ link register save eliminated.
 117:Generated_Source\PSoC5/SH.c ****     /* This is to restore the value of register CR1 and CR2 which is saved 
 118:Generated_Source\PSoC5/SH.c ****       in prior to the modifications in stop() API */
 119:Generated_Source\PSoC5/SH.c ****     #if (CY_PSOC5A)
 120:Generated_Source\PSoC5/SH.c ****         if(SH_P5backup.enableState == 1u)
 121:Generated_Source\PSoC5/SH.c ****         {
 122:Generated_Source\PSoC5/SH.c ****             SH_CR1_REG = SH_P5backup.scCR1Reg;
 123:Generated_Source\PSoC5/SH.c ****             SH_CR2_REG = SH_P5backup.scCR2Reg;
 124:Generated_Source\PSoC5/SH.c ****             SH_P5backup.enableState = 0u;
 125:Generated_Source\PSoC5/SH.c ****         }
 126:Generated_Source\PSoC5/SH.c ****     #endif /* CY_PSOC5A */
 127:Generated_Source\PSoC5/SH.c ****     
 128:Generated_Source\PSoC5/SH.c ****     /* Enable power to SC block in active mode */
 129:Generated_Source\PSoC5/SH.c ****     SH_PM_ACT_CFG_REG |= SH_ACT_PWR_EN;
  33              		.loc 1 129 0
  34 0000 084A     		ldr	r2, .L2
  35 0002 1378     		ldrb	r3, [r2]	@ zero_extendqisi2
  36 0004 43F00803 		orr	r3, r3, #8
  37 0008 1370     		strb	r3, [r2]
 130:Generated_Source\PSoC5/SH.c ****     
 131:Generated_Source\PSoC5/SH.c ****     /* Enable power to SC block in Alternative active mode */
 132:Generated_Source\PSoC5/SH.c ****     SH_PM_STBY_CFG_REG |= SH_STBY_PWR_EN;
  38              		.loc 1 132 0
  39 000a 1032     		adds	r2, r2, #16
ARM GAS  C:\Users\poorn\AppData\Local\Temp\ccAw75Qo.s 			page 4


  40 000c 1378     		ldrb	r3, [r2]	@ zero_extendqisi2
  41 000e 43F00803 		orr	r3, r3, #8
  42 0012 1370     		strb	r3, [r2]
 133:Generated_Source\PSoC5/SH.c **** 
 134:Generated_Source\PSoC5/SH.c ****     SH_PUMP_CR1_REG |= SH_PUMP_CR1_SC_CLKSEL;
  43              		.loc 1 134 0
  44 0014 02F5A552 		add	r2, r2, #5280
  45 0018 1E32     		adds	r2, r2, #30
  46 001a 1378     		ldrb	r3, [r2]	@ zero_extendqisi2
  47 001c 43F08003 		orr	r3, r3, #128
  48 0020 1370     		strb	r3, [r2]
  49 0022 7047     		bx	lr
  50              	.L3:
  51              		.align	2
  52              	.L2:
  53 0024 A9430040 		.word	1073759145
  54              		.cfi_endproc
  55              	.LFE1:
  56              		.size	SH_Enable, .-SH_Enable
  57              		.section	.text.SH_Stop,"ax",%progbits
  58              		.align	2
  59              		.global	SH_Stop
  60              		.thumb
  61              		.thumb_func
  62              		.type	SH_Stop, %function
  63              	SH_Stop:
  64              	.LFB3:
 135:Generated_Source\PSoC5/SH.c ****     
 136:Generated_Source\PSoC5/SH.c ****     #if (!CY_PSOC5A)
 137:Generated_Source\PSoC5/SH.c ****         #if (CYDEV_VARIABLE_VDDA == 1u)
 138:Generated_Source\PSoC5/SH.c ****             if(CyScPumpEnabled == 1u)
 139:Generated_Source\PSoC5/SH.c ****             {
 140:Generated_Source\PSoC5/SH.c ****                 SH_BSTCLK_REG &= (uint8)(~SH_BST_CLK_INDEX_MASK);
 141:Generated_Source\PSoC5/SH.c ****                 SH_BSTCLK_REG |= SH_BST_CLK_EN | CyScBoostClk__INDEX;
 142:Generated_Source\PSoC5/SH.c ****                 SH_SC_MISC_REG |= SH_PUMP_FORCE;
 143:Generated_Source\PSoC5/SH.c ****                 CyScBoostClk_Start();
 144:Generated_Source\PSoC5/SH.c ****             }
 145:Generated_Source\PSoC5/SH.c ****             else
 146:Generated_Source\PSoC5/SH.c ****             {
 147:Generated_Source\PSoC5/SH.c ****                 SH_BSTCLK_REG &= (uint8)(~SH_BST_CLK_EN);
 148:Generated_Source\PSoC5/SH.c ****                 SH_SC_MISC_REG &= (uint8)(~SH_PUMP_FORCE);
 149:Generated_Source\PSoC5/SH.c ****             }
 150:Generated_Source\PSoC5/SH.c ****         #endif /* (CYDEV_VARIABLE_VDDA == 1u) */
 151:Generated_Source\PSoC5/SH.c ****     #endif /* (!CY_PSOC5A) */
 152:Generated_Source\PSoC5/SH.c **** }
 153:Generated_Source\PSoC5/SH.c **** 
 154:Generated_Source\PSoC5/SH.c **** 
 155:Generated_Source\PSoC5/SH.c **** /*******************************************************************************
 156:Generated_Source\PSoC5/SH.c **** * Function Name: SH_Start
 157:Generated_Source\PSoC5/SH.c **** ********************************************************************************
 158:Generated_Source\PSoC5/SH.c **** *
 159:Generated_Source\PSoC5/SH.c **** * Summary:
 160:Generated_Source\PSoC5/SH.c **** *  The start function initializes the Sample and Hold with the default values, 
 161:Generated_Source\PSoC5/SH.c **** *  and sets the power to the given level.  A power level of 0, is the same as 
 162:Generated_Source\PSoC5/SH.c **** *  executing the stop function.
 163:Generated_Source\PSoC5/SH.c **** *
 164:Generated_Source\PSoC5/SH.c **** * Parameters:
ARM GAS  C:\Users\poorn\AppData\Local\Temp\ccAw75Qo.s 			page 5


 165:Generated_Source\PSoC5/SH.c **** *  void
 166:Generated_Source\PSoC5/SH.c **** *
 167:Generated_Source\PSoC5/SH.c **** * Return:
 168:Generated_Source\PSoC5/SH.c **** *  void
 169:Generated_Source\PSoC5/SH.c **** *
 170:Generated_Source\PSoC5/SH.c **** *******************************************************************************/
 171:Generated_Source\PSoC5/SH.c **** void SH_Start(void) 
 172:Generated_Source\PSoC5/SH.c **** {
 173:Generated_Source\PSoC5/SH.c ****     /* If not Initialized then initialize all required hardware and software */
 174:Generated_Source\PSoC5/SH.c ****     if(SH_initVar == 0u)
 175:Generated_Source\PSoC5/SH.c ****     {
 176:Generated_Source\PSoC5/SH.c ****         SH_Init();
 177:Generated_Source\PSoC5/SH.c ****         SH_initVar = 1u;
 178:Generated_Source\PSoC5/SH.c ****     }
 179:Generated_Source\PSoC5/SH.c ****     SH_Enable();
 180:Generated_Source\PSoC5/SH.c **** }
 181:Generated_Source\PSoC5/SH.c **** 
 182:Generated_Source\PSoC5/SH.c **** 
 183:Generated_Source\PSoC5/SH.c **** /*******************************************************************************
 184:Generated_Source\PSoC5/SH.c **** * Function Name: SH_Stop
 185:Generated_Source\PSoC5/SH.c **** ********************************************************************************
 186:Generated_Source\PSoC5/SH.c **** *
 187:Generated_Source\PSoC5/SH.c **** * Summary:
 188:Generated_Source\PSoC5/SH.c **** *  Powers down amplifier to lowest power state.
 189:Generated_Source\PSoC5/SH.c **** *
 190:Generated_Source\PSoC5/SH.c **** * Parameters:
 191:Generated_Source\PSoC5/SH.c **** *  void
 192:Generated_Source\PSoC5/SH.c **** *
 193:Generated_Source\PSoC5/SH.c **** * Return:
 194:Generated_Source\PSoC5/SH.c **** *  void
 195:Generated_Source\PSoC5/SH.c **** *
 196:Generated_Source\PSoC5/SH.c **** *******************************************************************************/
 197:Generated_Source\PSoC5/SH.c **** void SH_Stop(void) 
 198:Generated_Source\PSoC5/SH.c **** {   
  65              		.loc 1 198 0
  66              		.cfi_startproc
  67              		@ args = 0, pretend = 0, frame = 0
  68              		@ frame_needed = 0, uses_anonymous_args = 0
  69              		@ link register save eliminated.
 199:Generated_Source\PSoC5/SH.c ****     /* Disble power to the Amp in Active mode template */
 200:Generated_Source\PSoC5/SH.c ****     SH_PM_ACT_CFG_REG &= (uint8)(~SH_ACT_PWR_EN);
  70              		.loc 1 200 0
  71 0000 054A     		ldr	r2, .L5
  72 0002 1378     		ldrb	r3, [r2]	@ zero_extendqisi2
  73 0004 03F0F703 		and	r3, r3, #247
  74 0008 1370     		strb	r3, [r2]
 201:Generated_Source\PSoC5/SH.c **** 
 202:Generated_Source\PSoC5/SH.c ****     /* Disble power to the Amp in Alternative Active mode template */
 203:Generated_Source\PSoC5/SH.c ****     SH_PM_STBY_CFG_REG &= (uint8)(~SH_STBY_PWR_EN);
  75              		.loc 1 203 0
  76 000a 1032     		adds	r2, r2, #16
  77 000c 1378     		ldrb	r3, [r2]	@ zero_extendqisi2
  78 000e 03F0F703 		and	r3, r3, #247
  79 0012 1370     		strb	r3, [r2]
  80 0014 7047     		bx	lr
  81              	.L6:
  82 0016 00BF     		.align	2
ARM GAS  C:\Users\poorn\AppData\Local\Temp\ccAw75Qo.s 			page 6


  83              	.L5:
  84 0018 A9430040 		.word	1073759145
  85              		.cfi_endproc
  86              	.LFE3:
  87              		.size	SH_Stop, .-SH_Stop
  88              		.section	.text.SH_SetPower,"ax",%progbits
  89              		.align	2
  90              		.global	SH_SetPower
  91              		.thumb
  92              		.thumb_func
  93              		.type	SH_SetPower, %function
  94              	SH_SetPower:
  95              	.LFB4:
 204:Generated_Source\PSoC5/SH.c ****     
 205:Generated_Source\PSoC5/SH.c ****     #if (!CY_PSOC5A)
 206:Generated_Source\PSoC5/SH.c ****         #if (CYDEV_VARIABLE_VDDA == 1u)
 207:Generated_Source\PSoC5/SH.c ****             SH_BSTCLK_REG &= (uint8)(~SH_BST_CLK_EN);
 208:Generated_Source\PSoC5/SH.c ****             /* Disable pumps only if there aren't any SC block in use */
 209:Generated_Source\PSoC5/SH.c ****             if ((SH_PM_ACT_CFG_REG & SH_PM_ACT_CFG_MASK) == 0u)
 210:Generated_Source\PSoC5/SH.c ****             {
 211:Generated_Source\PSoC5/SH.c ****                 SH_SC_MISC_REG &= (uint8)(~SH_PUMP_FORCE);
 212:Generated_Source\PSoC5/SH.c ****                 SH_PUMP_CR1_REG &= (uint8)(~SH_PUMP_CR1_SC_CLKSEL);
 213:Generated_Source\PSoC5/SH.c ****                 CyScBoostClk_Stop();
 214:Generated_Source\PSoC5/SH.c ****             }
 215:Generated_Source\PSoC5/SH.c ****         #endif /* CYDEV_VARIABLE_VDDA == 1u */
 216:Generated_Source\PSoC5/SH.c ****     #endif /* (CY_PSOC3 || CY_PSOC5LP) */
 217:Generated_Source\PSoC5/SH.c ****  
 218:Generated_Source\PSoC5/SH.c ****     /* This sets Sample and hold in zero current mode and output routes are valid */
 219:Generated_Source\PSoC5/SH.c ****     #if (CY_PSOC5A)
 220:Generated_Source\PSoC5/SH.c ****         SH_P5backup.scCR1Reg = SH_CR1_REG;
 221:Generated_Source\PSoC5/SH.c ****         SH_P5backup.scCR2Reg = SH_CR2_REG;
 222:Generated_Source\PSoC5/SH.c ****         SH_CR1_REG = 0x00u;
 223:Generated_Source\PSoC5/SH.c ****         SH_CR2_REG = 0x00u;
 224:Generated_Source\PSoC5/SH.c ****         SH_P5backup.enableState = 1u;
 225:Generated_Source\PSoC5/SH.c ****     #endif /* CY_PSOC5A */
 226:Generated_Source\PSoC5/SH.c **** }
 227:Generated_Source\PSoC5/SH.c **** 
 228:Generated_Source\PSoC5/SH.c **** 
 229:Generated_Source\PSoC5/SH.c **** /*******************************************************************************
 230:Generated_Source\PSoC5/SH.c **** * Function Name: SH_SetPower
 231:Generated_Source\PSoC5/SH.c **** ********************************************************************************
 232:Generated_Source\PSoC5/SH.c **** *
 233:Generated_Source\PSoC5/SH.c **** * Summary:
 234:Generated_Source\PSoC5/SH.c **** *  Set the power of the Sample/Track and Hold.
 235:Generated_Source\PSoC5/SH.c **** *
 236:Generated_Source\PSoC5/SH.c **** * Parameters:
 237:Generated_Source\PSoC5/SH.c **** *  power: Sets power level between (0) and (3) high power
 238:Generated_Source\PSoC5/SH.c **** *
 239:Generated_Source\PSoC5/SH.c **** * Return:
 240:Generated_Source\PSoC5/SH.c **** *  void
 241:Generated_Source\PSoC5/SH.c **** *
 242:Generated_Source\PSoC5/SH.c **** *******************************************************************************/
 243:Generated_Source\PSoC5/SH.c **** void SH_SetPower(uint8 power) 
 244:Generated_Source\PSoC5/SH.c **** {
  96              		.loc 1 244 0
  97              		.cfi_startproc
  98              		@ args = 0, pretend = 0, frame = 0
ARM GAS  C:\Users\poorn\AppData\Local\Temp\ccAw75Qo.s 			page 7


  99              		@ frame_needed = 0, uses_anonymous_args = 0
 100              		@ link register save eliminated.
 101              	.LVL0:
 245:Generated_Source\PSoC5/SH.c ****     uint8 tmpCR;
 246:Generated_Source\PSoC5/SH.c **** 
 247:Generated_Source\PSoC5/SH.c ****     /* Sets drive bits in SC Block Control Register 1:  SCxx_CR[1:0] */
 248:Generated_Source\PSoC5/SH.c ****     tmpCR = SH_CR1_REG & (uint8)(~SH_DRIVE_MASK);
 102              		.loc 1 248 0
 103 0000 044A     		ldr	r2, .L8
 104 0002 1378     		ldrb	r3, [r2]	@ zero_extendqisi2
 105 0004 03F0FC03 		and	r3, r3, #252
 106              	.LVL1:
 249:Generated_Source\PSoC5/SH.c ****     tmpCR |= (power & SH_DRIVE_MASK);
 107              		.loc 1 249 0
 108 0008 00F00300 		and	r0, r0, #3
 109              	.LVL2:
 110 000c 1843     		orrs	r0, r0, r3
 111              	.LVL3:
 250:Generated_Source\PSoC5/SH.c ****     SH_CR1_REG = tmpCR;
 112              		.loc 1 250 0
 113 000e 1070     		strb	r0, [r2]
 114 0010 7047     		bx	lr
 115              	.L9:
 116 0012 00BF     		.align	2
 117              	.L8:
 118 0014 0D580040 		.word	1073764365
 119              		.cfi_endproc
 120              	.LFE4:
 121              		.size	SH_SetPower, .-SH_SetPower
 122              		.section	.text.SH_Init,"ax",%progbits
 123              		.align	2
 124              		.global	SH_Init
 125              		.thumb
 126              		.thumb_func
 127              		.type	SH_Init, %function
 128              	SH_Init:
 129              	.LFB0:
  53:Generated_Source\PSoC5/SH.c ****     /* Configure SC Block based on selected Sample/Track type */
 130              		.loc 1 53 0
 131              		.cfi_startproc
 132              		@ args = 0, pretend = 0, frame = 0
 133              		@ frame_needed = 0, uses_anonymous_args = 0
 134 0000 08B5     		push	{r3, lr}
 135              		.cfi_def_cfa_offset 8
 136              		.cfi_offset 3, -8
 137              		.cfi_offset 14, -4
  57:Generated_Source\PSoC5/SH.c ****         
 138              		.loc 1 57 0
 139 0002 0622     		movs	r2, #6
 140 0004 0A4B     		ldr	r3, .L12
 141 0006 1A70     		strb	r2, [r3]
  60:Generated_Source\PSoC5/SH.c ****                                 SH_GAIN_0DB);
 142              		.loc 1 60 0
 143 0008 0133     		adds	r3, r3, #1
 144 000a 0822     		movs	r2, #8
 145 000c 1A70     		strb	r2, [r3]
  65:Generated_Source\PSoC5/SH.c ****         #endif
ARM GAS  C:\Users\poorn\AppData\Local\Temp\ccAw75Qo.s 			page 8


 146              		.loc 1 65 0
 147 000e 1A78     		ldrb	r2, [r3]	@ zero_extendqisi2
 148 0010 42F01002 		orr	r2, r2, #16
 149 0014 1A70     		strb	r2, [r3]
  73:Generated_Source\PSoC5/SH.c ****                                        SH_REDC_00 | 
 150              		.loc 1 73 0
 151 0016 8122     		movs	r2, #129
 152 0018 0133     		adds	r3, r3, #1
 153 001a 1A70     		strb	r2, [r3]
  94:Generated_Source\PSoC5/SH.c ****     
 154              		.loc 1 94 0
 155 001c 054A     		ldr	r2, .L12+4
 156 001e 1378     		ldrb	r3, [r2]	@ zero_extendqisi2
 157 0020 43F00803 		orr	r3, r3, #8
 158 0024 1370     		strb	r3, [r2]
  97:Generated_Source\PSoC5/SH.c **** }
 159              		.loc 1 97 0
 160 0026 0220     		movs	r0, #2
 161 0028 FFF7FEFF 		bl	SH_SetPower
 162              	.LVL4:
 163 002c 08BD     		pop	{r3, pc}
 164              	.L13:
 165 002e 00BF     		.align	2
 166              	.L12:
 167 0030 0C580040 		.word	1073764364
 168 0034 3B5A0040 		.word	1073764923
 169              		.cfi_endproc
 170              	.LFE0:
 171              		.size	SH_Init, .-SH_Init
 172              		.section	.text.SH_Start,"ax",%progbits
 173              		.align	2
 174              		.global	SH_Start
 175              		.thumb
 176              		.thumb_func
 177              		.type	SH_Start, %function
 178              	SH_Start:
 179              	.LFB2:
 172:Generated_Source\PSoC5/SH.c ****     /* If not Initialized then initialize all required hardware and software */
 180              		.loc 1 172 0
 181              		.cfi_startproc
 182              		@ args = 0, pretend = 0, frame = 0
 183              		@ frame_needed = 0, uses_anonymous_args = 0
 184 0000 08B5     		push	{r3, lr}
 185              		.cfi_def_cfa_offset 8
 186              		.cfi_offset 3, -8
 187              		.cfi_offset 14, -4
 174:Generated_Source\PSoC5/SH.c ****     {
 188              		.loc 1 174 0
 189 0002 054B     		ldr	r3, .L17
 190 0004 1B78     		ldrb	r3, [r3]	@ zero_extendqisi2
 191 0006 23B9     		cbnz	r3, .L15
 176:Generated_Source\PSoC5/SH.c ****         SH_initVar = 1u;
 192              		.loc 1 176 0
 193 0008 FFF7FEFF 		bl	SH_Init
 194              	.LVL5:
 177:Generated_Source\PSoC5/SH.c ****     }
 195              		.loc 1 177 0
ARM GAS  C:\Users\poorn\AppData\Local\Temp\ccAw75Qo.s 			page 9


 196 000c 0122     		movs	r2, #1
 197 000e 024B     		ldr	r3, .L17
 198 0010 1A70     		strb	r2, [r3]
 199              	.L15:
 179:Generated_Source\PSoC5/SH.c **** }
 200              		.loc 1 179 0
 201 0012 FFF7FEFF 		bl	SH_Enable
 202              	.LVL6:
 203 0016 08BD     		pop	{r3, pc}
 204              	.L18:
 205              		.align	2
 206              	.L17:
 207 0018 00000000 		.word	.LANCHOR0
 208              		.cfi_endproc
 209              	.LFE2:
 210              		.size	SH_Start, .-SH_Start
 211              		.global	SH_initVar
 212              		.bss
 213              		.set	.LANCHOR0,. + 0
 214              		.type	SH_initVar, %object
 215              		.size	SH_initVar, 1
 216              	SH_initVar:
 217 0000 00       		.space	1
 218              		.text
 219              	.Letext0:
 220              		.file 2 "Generated_Source\\PSoC5\\cytypes.h"
 221              		.section	.debug_info,"",%progbits
 222              	.Ldebug_info0:
 223 0000 5C010000 		.4byte	0x15c
 224 0004 0400     		.2byte	0x4
 225 0006 00000000 		.4byte	.Ldebug_abbrev0
 226 000a 04       		.byte	0x4
 227 000b 01       		.uleb128 0x1
 228 000c 46000000 		.4byte	.LASF21
 229 0010 0C       		.byte	0xc
 230 0011 03010000 		.4byte	.LASF22
 231 0015 25010000 		.4byte	.LASF23
 232 0019 00000000 		.4byte	.Ldebug_ranges0+0
 233 001d 00000000 		.4byte	0
 234 0021 00000000 		.4byte	.Ldebug_line0
 235 0025 02       		.uleb128 0x2
 236 0026 01       		.byte	0x1
 237 0027 06       		.byte	0x6
 238 0028 B2010000 		.4byte	.LASF0
 239 002c 02       		.uleb128 0x2
 240 002d 01       		.byte	0x1
 241 002e 08       		.byte	0x8
 242 002f 38000000 		.4byte	.LASF1
 243 0033 02       		.uleb128 0x2
 244 0034 02       		.byte	0x2
 245 0035 05       		.byte	0x5
 246 0036 D3010000 		.4byte	.LASF2
 247 003a 02       		.uleb128 0x2
 248 003b 02       		.byte	0x2
 249 003c 07       		.byte	0x7
 250 003d 9F010000 		.4byte	.LASF3
 251 0041 02       		.uleb128 0x2
ARM GAS  C:\Users\poorn\AppData\Local\Temp\ccAw75Qo.s 			page 10


 252 0042 04       		.byte	0x4
 253 0043 05       		.byte	0x5
 254 0044 7D010000 		.4byte	.LASF4
 255 0048 02       		.uleb128 0x2
 256 0049 04       		.byte	0x4
 257 004a 07       		.byte	0x7
 258 004b DA000000 		.4byte	.LASF5
 259 004f 02       		.uleb128 0x2
 260 0050 08       		.byte	0x8
 261 0051 05       		.byte	0x5
 262 0052 00000000 		.4byte	.LASF6
 263 0056 02       		.uleb128 0x2
 264 0057 08       		.byte	0x8
 265 0058 07       		.byte	0x7
 266 0059 EC000000 		.4byte	.LASF7
 267 005d 03       		.uleb128 0x3
 268 005e 04       		.byte	0x4
 269 005f 05       		.byte	0x5
 270 0060 696E7400 		.ascii	"int\000"
 271 0064 02       		.uleb128 0x2
 272 0065 04       		.byte	0x4
 273 0066 07       		.byte	0x7
 274 0067 23000000 		.4byte	.LASF8
 275 006b 04       		.uleb128 0x4
 276 006c D4000000 		.4byte	.LASF12
 277 0070 02       		.byte	0x2
 278 0071 E401     		.2byte	0x1e4
 279 0073 2C000000 		.4byte	0x2c
 280 0077 02       		.uleb128 0x2
 281 0078 04       		.byte	0x4
 282 0079 04       		.byte	0x4
 283 007a 1F010000 		.4byte	.LASF9
 284 007e 02       		.uleb128 0x2
 285 007f 08       		.byte	0x8
 286 0080 04       		.byte	0x4
 287 0081 8E010000 		.4byte	.LASF10
 288 0085 02       		.uleb128 0x2
 289 0086 01       		.byte	0x1
 290 0087 08       		.byte	0x8
 291 0088 78010000 		.4byte	.LASF11
 292 008c 04       		.uleb128 0x4
 293 008d DD010000 		.4byte	.LASF13
 294 0091 02       		.byte	0x2
 295 0092 8E02     		.2byte	0x28e
 296 0094 98000000 		.4byte	0x98
 297 0098 05       		.uleb128 0x5
 298 0099 6B000000 		.4byte	0x6b
 299 009d 02       		.uleb128 0x2
 300 009e 08       		.byte	0x8
 301 009f 04       		.byte	0x4
 302 00a0 BE010000 		.4byte	.LASF14
 303 00a4 02       		.uleb128 0x2
 304 00a5 04       		.byte	0x4
 305 00a6 07       		.byte	0x7
 306 00a7 CA010000 		.4byte	.LASF15
 307 00ab 06       		.uleb128 0x6
 308 00ac 95010000 		.4byte	.LASF16
ARM GAS  C:\Users\poorn\AppData\Local\Temp\ccAw75Qo.s 			page 11


 309 00b0 01       		.byte	0x1
 310 00b1 73       		.byte	0x73
 311 00b2 00000000 		.4byte	.LFB1
 312 00b6 28000000 		.4byte	.LFE1-.LFB1
 313 00ba 01       		.uleb128 0x1
 314 00bb 9C       		.byte	0x9c
 315 00bc 06       		.uleb128 0x6
 316 00bd 86010000 		.4byte	.LASF17
 317 00c1 01       		.byte	0x1
 318 00c2 C5       		.byte	0xc5
 319 00c3 00000000 		.4byte	.LFB3
 320 00c7 1C000000 		.4byte	.LFE3-.LFB3
 321 00cb 01       		.uleb128 0x1
 322 00cc 9C       		.byte	0x9c
 323 00cd 07       		.uleb128 0x7
 324 00ce 17000000 		.4byte	.LASF18
 325 00d2 01       		.byte	0x1
 326 00d3 F3       		.byte	0xf3
 327 00d4 00000000 		.4byte	.LFB4
 328 00d8 18000000 		.4byte	.LFE4-.LFB4
 329 00dc 01       		.uleb128 0x1
 330 00dd 9C       		.byte	0x9c
 331 00de 01010000 		.4byte	0x101
 332 00e2 08       		.uleb128 0x8
 333 00e3 F3010000 		.4byte	.LASF24
 334 00e7 01       		.byte	0x1
 335 00e8 F3       		.byte	0xf3
 336 00e9 6B000000 		.4byte	0x6b
 337 00ed 00000000 		.4byte	.LLST0
 338 00f1 09       		.uleb128 0x9
 339 00f2 E2010000 		.4byte	.LASF25
 340 00f6 01       		.byte	0x1
 341 00f7 F5       		.byte	0xf5
 342 00f8 6B000000 		.4byte	0x6b
 343 00fc 21000000 		.4byte	.LLST1
 344 0100 00       		.byte	0
 345 0101 07       		.uleb128 0x7
 346 0102 30000000 		.4byte	.LASF19
 347 0106 01       		.byte	0x1
 348 0107 34       		.byte	0x34
 349 0108 00000000 		.4byte	.LFB0
 350 010c 38000000 		.4byte	.LFE0-.LFB0
 351 0110 01       		.uleb128 0x1
 352 0111 9C       		.byte	0x9c
 353 0112 26010000 		.4byte	0x126
 354 0116 0A       		.uleb128 0xa
 355 0117 2C000000 		.4byte	.LVL4
 356 011b CD000000 		.4byte	0xcd
 357 011f 0B       		.uleb128 0xb
 358 0120 01       		.uleb128 0x1
 359 0121 50       		.byte	0x50
 360 0122 01       		.uleb128 0x1
 361 0123 32       		.byte	0x32
 362 0124 00       		.byte	0
 363 0125 00       		.byte	0
 364 0126 07       		.uleb128 0x7
 365 0127 0E000000 		.4byte	.LASF20
ARM GAS  C:\Users\poorn\AppData\Local\Temp\ccAw75Qo.s 			page 12


 366 012b 01       		.byte	0x1
 367 012c AB       		.byte	0xab
 368 012d 00000000 		.4byte	.LFB2
 369 0131 1C000000 		.4byte	.LFE2-.LFB2
 370 0135 01       		.uleb128 0x1
 371 0136 9C       		.byte	0x9c
 372 0137 4E010000 		.4byte	0x14e
 373 013b 0C       		.uleb128 0xc
 374 013c 0C000000 		.4byte	.LVL5
 375 0140 01010000 		.4byte	0x101
 376 0144 0C       		.uleb128 0xc
 377 0145 16000000 		.4byte	.LVL6
 378 0149 AB000000 		.4byte	0xab
 379 014d 00       		.byte	0
 380 014e 0D       		.uleb128 0xd
 381 014f E8010000 		.4byte	.LASF26
 382 0153 01       		.byte	0x1
 383 0154 1B       		.byte	0x1b
 384 0155 6B000000 		.4byte	0x6b
 385 0159 05       		.uleb128 0x5
 386 015a 03       		.byte	0x3
 387 015b 00000000 		.4byte	SH_initVar
 388 015f 00       		.byte	0
 389              		.section	.debug_abbrev,"",%progbits
 390              	.Ldebug_abbrev0:
 391 0000 01       		.uleb128 0x1
 392 0001 11       		.uleb128 0x11
 393 0002 01       		.byte	0x1
 394 0003 25       		.uleb128 0x25
 395 0004 0E       		.uleb128 0xe
 396 0005 13       		.uleb128 0x13
 397 0006 0B       		.uleb128 0xb
 398 0007 03       		.uleb128 0x3
 399 0008 0E       		.uleb128 0xe
 400 0009 1B       		.uleb128 0x1b
 401 000a 0E       		.uleb128 0xe
 402 000b 55       		.uleb128 0x55
 403 000c 17       		.uleb128 0x17
 404 000d 11       		.uleb128 0x11
 405 000e 01       		.uleb128 0x1
 406 000f 10       		.uleb128 0x10
 407 0010 17       		.uleb128 0x17
 408 0011 00       		.byte	0
 409 0012 00       		.byte	0
 410 0013 02       		.uleb128 0x2
 411 0014 24       		.uleb128 0x24
 412 0015 00       		.byte	0
 413 0016 0B       		.uleb128 0xb
 414 0017 0B       		.uleb128 0xb
 415 0018 3E       		.uleb128 0x3e
 416 0019 0B       		.uleb128 0xb
 417 001a 03       		.uleb128 0x3
 418 001b 0E       		.uleb128 0xe
 419 001c 00       		.byte	0
 420 001d 00       		.byte	0
 421 001e 03       		.uleb128 0x3
 422 001f 24       		.uleb128 0x24
ARM GAS  C:\Users\poorn\AppData\Local\Temp\ccAw75Qo.s 			page 13


 423 0020 00       		.byte	0
 424 0021 0B       		.uleb128 0xb
 425 0022 0B       		.uleb128 0xb
 426 0023 3E       		.uleb128 0x3e
 427 0024 0B       		.uleb128 0xb
 428 0025 03       		.uleb128 0x3
 429 0026 08       		.uleb128 0x8
 430 0027 00       		.byte	0
 431 0028 00       		.byte	0
 432 0029 04       		.uleb128 0x4
 433 002a 16       		.uleb128 0x16
 434 002b 00       		.byte	0
 435 002c 03       		.uleb128 0x3
 436 002d 0E       		.uleb128 0xe
 437 002e 3A       		.uleb128 0x3a
 438 002f 0B       		.uleb128 0xb
 439 0030 3B       		.uleb128 0x3b
 440 0031 05       		.uleb128 0x5
 441 0032 49       		.uleb128 0x49
 442 0033 13       		.uleb128 0x13
 443 0034 00       		.byte	0
 444 0035 00       		.byte	0
 445 0036 05       		.uleb128 0x5
 446 0037 35       		.uleb128 0x35
 447 0038 00       		.byte	0
 448 0039 49       		.uleb128 0x49
 449 003a 13       		.uleb128 0x13
 450 003b 00       		.byte	0
 451 003c 00       		.byte	0
 452 003d 06       		.uleb128 0x6
 453 003e 2E       		.uleb128 0x2e
 454 003f 00       		.byte	0
 455 0040 3F       		.uleb128 0x3f
 456 0041 19       		.uleb128 0x19
 457 0042 03       		.uleb128 0x3
 458 0043 0E       		.uleb128 0xe
 459 0044 3A       		.uleb128 0x3a
 460 0045 0B       		.uleb128 0xb
 461 0046 3B       		.uleb128 0x3b
 462 0047 0B       		.uleb128 0xb
 463 0048 27       		.uleb128 0x27
 464 0049 19       		.uleb128 0x19
 465 004a 11       		.uleb128 0x11
 466 004b 01       		.uleb128 0x1
 467 004c 12       		.uleb128 0x12
 468 004d 06       		.uleb128 0x6
 469 004e 40       		.uleb128 0x40
 470 004f 18       		.uleb128 0x18
 471 0050 9742     		.uleb128 0x2117
 472 0052 19       		.uleb128 0x19
 473 0053 00       		.byte	0
 474 0054 00       		.byte	0
 475 0055 07       		.uleb128 0x7
 476 0056 2E       		.uleb128 0x2e
 477 0057 01       		.byte	0x1
 478 0058 3F       		.uleb128 0x3f
 479 0059 19       		.uleb128 0x19
ARM GAS  C:\Users\poorn\AppData\Local\Temp\ccAw75Qo.s 			page 14


 480 005a 03       		.uleb128 0x3
 481 005b 0E       		.uleb128 0xe
 482 005c 3A       		.uleb128 0x3a
 483 005d 0B       		.uleb128 0xb
 484 005e 3B       		.uleb128 0x3b
 485 005f 0B       		.uleb128 0xb
 486 0060 27       		.uleb128 0x27
 487 0061 19       		.uleb128 0x19
 488 0062 11       		.uleb128 0x11
 489 0063 01       		.uleb128 0x1
 490 0064 12       		.uleb128 0x12
 491 0065 06       		.uleb128 0x6
 492 0066 40       		.uleb128 0x40
 493 0067 18       		.uleb128 0x18
 494 0068 9742     		.uleb128 0x2117
 495 006a 19       		.uleb128 0x19
 496 006b 01       		.uleb128 0x1
 497 006c 13       		.uleb128 0x13
 498 006d 00       		.byte	0
 499 006e 00       		.byte	0
 500 006f 08       		.uleb128 0x8
 501 0070 05       		.uleb128 0x5
 502 0071 00       		.byte	0
 503 0072 03       		.uleb128 0x3
 504 0073 0E       		.uleb128 0xe
 505 0074 3A       		.uleb128 0x3a
 506 0075 0B       		.uleb128 0xb
 507 0076 3B       		.uleb128 0x3b
 508 0077 0B       		.uleb128 0xb
 509 0078 49       		.uleb128 0x49
 510 0079 13       		.uleb128 0x13
 511 007a 02       		.uleb128 0x2
 512 007b 17       		.uleb128 0x17
 513 007c 00       		.byte	0
 514 007d 00       		.byte	0
 515 007e 09       		.uleb128 0x9
 516 007f 34       		.uleb128 0x34
 517 0080 00       		.byte	0
 518 0081 03       		.uleb128 0x3
 519 0082 0E       		.uleb128 0xe
 520 0083 3A       		.uleb128 0x3a
 521 0084 0B       		.uleb128 0xb
 522 0085 3B       		.uleb128 0x3b
 523 0086 0B       		.uleb128 0xb
 524 0087 49       		.uleb128 0x49
 525 0088 13       		.uleb128 0x13
 526 0089 02       		.uleb128 0x2
 527 008a 17       		.uleb128 0x17
 528 008b 00       		.byte	0
 529 008c 00       		.byte	0
 530 008d 0A       		.uleb128 0xa
 531 008e 898201   		.uleb128 0x4109
 532 0091 01       		.byte	0x1
 533 0092 11       		.uleb128 0x11
 534 0093 01       		.uleb128 0x1
 535 0094 31       		.uleb128 0x31
 536 0095 13       		.uleb128 0x13
ARM GAS  C:\Users\poorn\AppData\Local\Temp\ccAw75Qo.s 			page 15


 537 0096 00       		.byte	0
 538 0097 00       		.byte	0
 539 0098 0B       		.uleb128 0xb
 540 0099 8A8201   		.uleb128 0x410a
 541 009c 00       		.byte	0
 542 009d 02       		.uleb128 0x2
 543 009e 18       		.uleb128 0x18
 544 009f 9142     		.uleb128 0x2111
 545 00a1 18       		.uleb128 0x18
 546 00a2 00       		.byte	0
 547 00a3 00       		.byte	0
 548 00a4 0C       		.uleb128 0xc
 549 00a5 898201   		.uleb128 0x4109
 550 00a8 00       		.byte	0
 551 00a9 11       		.uleb128 0x11
 552 00aa 01       		.uleb128 0x1
 553 00ab 31       		.uleb128 0x31
 554 00ac 13       		.uleb128 0x13
 555 00ad 00       		.byte	0
 556 00ae 00       		.byte	0
 557 00af 0D       		.uleb128 0xd
 558 00b0 34       		.uleb128 0x34
 559 00b1 00       		.byte	0
 560 00b2 03       		.uleb128 0x3
 561 00b3 0E       		.uleb128 0xe
 562 00b4 3A       		.uleb128 0x3a
 563 00b5 0B       		.uleb128 0xb
 564 00b6 3B       		.uleb128 0x3b
 565 00b7 0B       		.uleb128 0xb
 566 00b8 49       		.uleb128 0x49
 567 00b9 13       		.uleb128 0x13
 568 00ba 3F       		.uleb128 0x3f
 569 00bb 19       		.uleb128 0x19
 570 00bc 02       		.uleb128 0x2
 571 00bd 18       		.uleb128 0x18
 572 00be 00       		.byte	0
 573 00bf 00       		.byte	0
 574 00c0 00       		.byte	0
 575              		.section	.debug_loc,"",%progbits
 576              	.Ldebug_loc0:
 577              	.LLST0:
 578 0000 00000000 		.4byte	.LVL0
 579 0004 0C000000 		.4byte	.LVL2
 580 0008 0100     		.2byte	0x1
 581 000a 50       		.byte	0x50
 582 000b 0C000000 		.4byte	.LVL2
 583 000f 18000000 		.4byte	.LFE4
 584 0013 0400     		.2byte	0x4
 585 0015 F3       		.byte	0xf3
 586 0016 01       		.uleb128 0x1
 587 0017 50       		.byte	0x50
 588 0018 9F       		.byte	0x9f
 589 0019 00000000 		.4byte	0
 590 001d 00000000 		.4byte	0
 591              	.LLST1:
 592 0021 08000000 		.4byte	.LVL1
 593 0025 0E000000 		.4byte	.LVL3
ARM GAS  C:\Users\poorn\AppData\Local\Temp\ccAw75Qo.s 			page 16


 594 0029 0100     		.2byte	0x1
 595 002b 53       		.byte	0x53
 596 002c 0E000000 		.4byte	.LVL3
 597 0030 18000000 		.4byte	.LFE4
 598 0034 0100     		.2byte	0x1
 599 0036 50       		.byte	0x50
 600 0037 00000000 		.4byte	0
 601 003b 00000000 		.4byte	0
 602              		.section	.debug_aranges,"",%progbits
 603 0000 3C000000 		.4byte	0x3c
 604 0004 0200     		.2byte	0x2
 605 0006 00000000 		.4byte	.Ldebug_info0
 606 000a 04       		.byte	0x4
 607 000b 00       		.byte	0
 608 000c 0000     		.2byte	0
 609 000e 0000     		.2byte	0
 610 0010 00000000 		.4byte	.LFB1
 611 0014 28000000 		.4byte	.LFE1-.LFB1
 612 0018 00000000 		.4byte	.LFB3
 613 001c 1C000000 		.4byte	.LFE3-.LFB3
 614 0020 00000000 		.4byte	.LFB4
 615 0024 18000000 		.4byte	.LFE4-.LFB4
 616 0028 00000000 		.4byte	.LFB0
 617 002c 38000000 		.4byte	.LFE0-.LFB0
 618 0030 00000000 		.4byte	.LFB2
 619 0034 1C000000 		.4byte	.LFE2-.LFB2
 620 0038 00000000 		.4byte	0
 621 003c 00000000 		.4byte	0
 622              		.section	.debug_ranges,"",%progbits
 623              	.Ldebug_ranges0:
 624 0000 00000000 		.4byte	.LFB1
 625 0004 28000000 		.4byte	.LFE1
 626 0008 00000000 		.4byte	.LFB3
 627 000c 1C000000 		.4byte	.LFE3
 628 0010 00000000 		.4byte	.LFB4
 629 0014 18000000 		.4byte	.LFE4
 630 0018 00000000 		.4byte	.LFB0
 631 001c 38000000 		.4byte	.LFE0
 632 0020 00000000 		.4byte	.LFB2
 633 0024 1C000000 		.4byte	.LFE2
 634 0028 00000000 		.4byte	0
 635 002c 00000000 		.4byte	0
 636              		.section	.debug_line,"",%progbits
 637              	.Ldebug_line0:
 638 0000 AA000000 		.section	.debug_str,"MS",%progbits,1
 638      02003F00 
 638      00000201 
 638      FB0E0D00 
 638      01010101 
 639              	.LASF6:
 640 0000 6C6F6E67 		.ascii	"long long int\000"
 640      206C6F6E 
 640      6720696E 
 640      7400
 641              	.LASF20:
 642 000e 53485F53 		.ascii	"SH_Start\000"
 642      74617274 
ARM GAS  C:\Users\poorn\AppData\Local\Temp\ccAw75Qo.s 			page 17


 642      00
 643              	.LASF18:
 644 0017 53485F53 		.ascii	"SH_SetPower\000"
 644      6574506F 
 644      77657200 
 645              	.LASF8:
 646 0023 756E7369 		.ascii	"unsigned int\000"
 646      676E6564 
 646      20696E74 
 646      00
 647              	.LASF19:
 648 0030 53485F49 		.ascii	"SH_Init\000"
 648      6E697400 
 649              	.LASF1:
 650 0038 756E7369 		.ascii	"unsigned char\000"
 650      676E6564 
 650      20636861 
 650      7200
 651              	.LASF21:
 652 0046 474E5520 		.ascii	"GNU C11 5.4.1 20160609 (release) [ARM/embedded-5-br"
 652      43313120 
 652      352E342E 
 652      31203230 
 652      31363036 
 653 0079 616E6368 		.ascii	"anch revision 237715] -mcpu=cortex-m3 -mthumb -g -O"
 653      20726576 
 653      6973696F 
 653      6E203233 
 653      37373135 
 654 00ac 67202D66 		.ascii	"g -ffunction-sections -ffat-lto-objects\000"
 654      66756E63 
 654      74696F6E 
 654      2D736563 
 654      74696F6E 
 655              	.LASF12:
 656 00d4 75696E74 		.ascii	"uint8\000"
 656      3800
 657              	.LASF5:
 658 00da 6C6F6E67 		.ascii	"long unsigned int\000"
 658      20756E73 
 658      69676E65 
 658      6420696E 
 658      7400
 659              	.LASF7:
 660 00ec 6C6F6E67 		.ascii	"long long unsigned int\000"
 660      206C6F6E 
 660      6720756E 
 660      7369676E 
 660      65642069 
 661              	.LASF22:
 662 0103 47656E65 		.ascii	"Generated_Source\\PSoC5\\SH.c\000"
 662      72617465 
 662      645F536F 
 662      75726365 
 662      5C50536F 
 663              	.LASF9:
 664 011f 666C6F61 		.ascii	"float\000"
ARM GAS  C:\Users\poorn\AppData\Local\Temp\ccAw75Qo.s 			page 18


 664      7400
 665              	.LASF23:
 666 0125 433A5C55 		.ascii	"C:\\Users\\poorn\\Documents\\PSoC Creator\\ESM_Labs"
 666      73657273 
 666      5C706F6F 
 666      726E5C44 
 666      6F63756D 
 667 0153 5C4C6162 		.ascii	"\\Lab5_DC_Motor_Current_Control.cydsn\000"
 667      355F4443 
 667      5F4D6F74 
 667      6F725F43 
 667      75727265 
 668              	.LASF11:
 669 0178 63686172 		.ascii	"char\000"
 669      00
 670              	.LASF4:
 671 017d 6C6F6E67 		.ascii	"long int\000"
 671      20696E74 
 671      00
 672              	.LASF17:
 673 0186 53485F53 		.ascii	"SH_Stop\000"
 673      746F7000 
 674              	.LASF10:
 675 018e 646F7562 		.ascii	"double\000"
 675      6C6500
 676              	.LASF16:
 677 0195 53485F45 		.ascii	"SH_Enable\000"
 677      6E61626C 
 677      6500
 678              	.LASF3:
 679 019f 73686F72 		.ascii	"short unsigned int\000"
 679      7420756E 
 679      7369676E 
 679      65642069 
 679      6E7400
 680              	.LASF0:
 681 01b2 7369676E 		.ascii	"signed char\000"
 681      65642063 
 681      68617200 
 682              	.LASF14:
 683 01be 6C6F6E67 		.ascii	"long double\000"
 683      20646F75 
 683      626C6500 
 684              	.LASF15:
 685 01ca 73697A65 		.ascii	"sizetype\000"
 685      74797065 
 685      00
 686              	.LASF2:
 687 01d3 73686F72 		.ascii	"short int\000"
 687      7420696E 
 687      7400
 688              	.LASF13:
 689 01dd 72656738 		.ascii	"reg8\000"
 689      00
 690              	.LASF25:
 691 01e2 746D7043 		.ascii	"tmpCR\000"
 691      5200
ARM GAS  C:\Users\poorn\AppData\Local\Temp\ccAw75Qo.s 			page 19


 692              	.LASF26:
 693 01e8 53485F69 		.ascii	"SH_initVar\000"
 693      6E697456 
 693      617200
 694              	.LASF24:
 695 01f3 706F7765 		.ascii	"power\000"
 695      7200
 696              		.ident	"GCC: (GNU Tools for ARM Embedded Processors) 5.4.1 20160609 (release) [ARM/embedded-5-bran
