ARM GAS  C:\Users\rualjim\AppData\Local\Temp\cc00gQTj.s 			page 1


   1              		.syntax unified
   2              		.cpu cortex-m3
   3              		.fpu softvfp
   4              		.eabi_attribute 20, 1
   5              		.eabi_attribute 21, 1
   6              		.eabi_attribute 23, 3
   7              		.eabi_attribute 24, 1
   8              		.eabi_attribute 25, 1
   9              		.eabi_attribute 26, 1
  10              		.eabi_attribute 30, 1
  11              		.eabi_attribute 34, 1
  12              		.eabi_attribute 18, 4
  13              		.thumb
  14              		.syntax unified
  15              		.file	"cymetadata.c"
  16              		.text
  17              	.Ltext0:
  18              		.cfi_sections	.debug_frame
  19              		.global	cy_metadata
  20              		.global	cy_meta_flashprotect
  21              		.global	cy_meta_wonvl
  22              		.global	cy_meta_custnvl
  23              		.global	cy_meta_configecc
  24              		.section	.cyconfigecc,"a",%progbits
  25              		.align	2
  26              		.type	cy_meta_configecc, %object
  27              		.size	cy_meta_configecc, 760
  28              	cy_meta_configecc:
  29 0000 02       		.byte	2
  30 0001 64       		.byte	100
  31 0002 00       		.byte	0
  32 0003 40       		.byte	64
  33 0004 27       		.byte	39
  34 0005 00       		.byte	0
  35 0006 01       		.byte	1
  36 0007 40       		.byte	64
  37 0008 19       		.byte	25
  38 0009 01       		.byte	1
  39 000a 01       		.byte	1
  40 000b 40       		.byte	64
  41 000c 30       		.byte	48
  42 000d 02       		.byte	2
  43 000e 01       		.byte	1
  44 000f 40       		.byte	64
  45 0010 35       		.byte	53
  46 0011 03       		.byte	3
  47 0012 01       		.byte	1
  48 0013 40       		.byte	64
  49 0014 4B       		.byte	75
  50 0015 04       		.byte	4
  51 0016 01       		.byte	1
  52 0017 40       		.byte	64
  53 0018 33       		.byte	51
  54 0019 05       		.byte	5
  55 001a 01       		.byte	1
  56 001b 40       		.byte	64
  57 001c 01       		.byte	1
ARM GAS  C:\Users\rualjim\AppData\Local\Temp\cc00gQTj.s 			page 2


  58 001d 15       		.byte	21
  59 001e 01       		.byte	1
  60 001f 40       		.byte	64
  61 0020 01       		.byte	1
  62 0021 1B       		.byte	27
  63 0022 01       		.byte	1
  64 0023 40       		.byte	64
  65 0024 05       		.byte	5
  66 0025 40       		.byte	64
  67 0026 01       		.byte	1
  68 0027 40       		.byte	64
  69 0028 04       		.byte	4
  70 0029 41       		.byte	65
  71 002a 01       		.byte	1
  72 002b 40       		.byte	64
  73 002c 01       		.byte	1
  74 002d 42       		.byte	66
  75 002e 01       		.byte	1
  76 002f 40       		.byte	64
  77 0030 01       		.byte	1
  78 0031 43       		.byte	67
  79 0032 01       		.byte	1
  80 0033 40       		.byte	64
  81 0034 01       		.byte	1
  82 0035 48       		.byte	72
  83 0036 01       		.byte	1
  84 0037 40       		.byte	64
  85 0038 02       		.byte	2
  86 0039 49       		.byte	73
  87 003a 01       		.byte	1
  88 003b 40       		.byte	64
  89 003c 02       		.byte	2
  90 003d 4C       		.byte	76
  91 003e 01       		.byte	1
  92 003f 40       		.byte	64
  93 0040 01       		.byte	1
  94 0041 4D       		.byte	77
  95 0042 01       		.byte	1
  96 0043 40       		.byte	64
  97 0044 03       		.byte	3
  98 0045 50       		.byte	80
  99 0046 01       		.byte	1
 100 0047 40       		.byte	64
 101 0048 01       		.byte	1
 102 0049 51       		.byte	81
 103 004a 01       		.byte	1
 104 004b 40       		.byte	64
 105 004c 82       		.byte	-126
 106 004d 6F       		.byte	111
 107 004e 85       		.byte	-123
 108 004f 0F       		.byte	15
 109 0050 04       		.byte	4
 110 0051 01       		.byte	1
 111 0052 06       		.byte	6
 112 0053 02       		.byte	2
 113 0054 10       		.byte	16
 114 0055 01       		.byte	1
ARM GAS  C:\Users\rualjim\AppData\Local\Temp\cc00gQTj.s 			page 3


 115 0056 12       		.byte	18
 116 0057 02       		.byte	2
 117 0058 13       		.byte	19
 118 0059 01       		.byte	1
 119 005a 1C       		.byte	28
 120 005b 02       		.byte	2
 121 005c 1E       		.byte	30
 122 005d 01       		.byte	1
 123 005e 28       		.byte	40
 124 005f 01       		.byte	1
 125 0060 2A       		.byte	42
 126 0061 02       		.byte	2
 127 0062 2B       		.byte	43
 128 0063 02       		.byte	2
 129 0064 31       		.byte	49
 130 0065 02       		.byte	2
 131 0066 33       		.byte	51
 132 0067 01       		.byte	1
 133 0068 36       		.byte	54
 134 0069 03       		.byte	3
 135 006a 3A       		.byte	58
 136 006b 80       		.byte	-128
 137 006c 58       		.byte	88
 138 006d 04       		.byte	4
 139 006e 59       		.byte	89
 140 006f 04       		.byte	4
 141 0070 5F       		.byte	95
 142 0071 01       		.byte	1
 143 0072 8D       		.byte	-115
 144 0073 01       		.byte	1
 145 0074 8F       		.byte	-113
 146 0075 02       		.byte	2
 147 0076 91       		.byte	-111
 148 0077 01       		.byte	1
 149 0078 93       		.byte	-109
 150 0079 06       		.byte	6
 151 007a 94       		.byte	-108
 152 007b 01       		.byte	1
 153 007c 95       		.byte	-107
 154 007d 01       		.byte	1
 155 007e 97       		.byte	-105
 156 007f 0A       		.byte	10
 157 0080 99       		.byte	-103
 158 0081 02       		.byte	2
 159 0082 9A       		.byte	-102
 160 0083 03       		.byte	3
 161 0084 9B       		.byte	-101
 162 0085 01       		.byte	1
 163 0086 AB       		.byte	-85
 164 0087 10       		.byte	16
 165 0088 B1       		.byte	-79
 166 0089 04       		.byte	4
 167 008a B2       		.byte	-78
 168 008b 02       		.byte	2
 169 008c B3       		.byte	-77
 170 008d 03       		.byte	3
 171 008e B5       		.byte	-75
ARM GAS  C:\Users\rualjim\AppData\Local\Temp\cc00gQTj.s 			page 4


 172 008f 10       		.byte	16
 173 0090 B6       		.byte	-74
 174 0091 01       		.byte	1
 175 0092 B7       		.byte	-73
 176 0093 08       		.byte	8
 177 0094 BB       		.byte	-69
 178 0095 08       		.byte	8
 179 0096 BE       		.byte	-66
 180 0097 40       		.byte	64
 181 0098 D8       		.byte	-40
 182 0099 04       		.byte	4
 183 009a D9       		.byte	-39
 184 009b 04       		.byte	4
 185 009c DF       		.byte	-33
 186 009d 01       		.byte	1
 187 009e 03       		.byte	3
 188 009f 20       		.byte	32
 189 00a0 09       		.byte	9
 190 00a1 02       		.byte	2
 191 00a2 0A       		.byte	10
 192 00a3 01       		.byte	1
 193 00a4 0E       		.byte	14
 194 00a5 20       		.byte	32
 195 00a6 0F       		.byte	15
 196 00a7 08       		.byte	8
 197 00a8 12       		.byte	18
 198 00a9 08       		.byte	8
 199 00aa 18       		.byte	24
 200 00ab 02       		.byte	2
 201 00ac 1A       		.byte	26
 202 00ad 01       		.byte	1
 203 00ae 1B       		.byte	27
 204 00af 40       		.byte	64
 205 00b0 1E       		.byte	30
 206 00b1 22       		.byte	34
 207 00b2 21       		.byte	33
 208 00b3 02       		.byte	2
 209 00b4 22       		.byte	34
 210 00b5 08       		.byte	8
 211 00b6 24       		.byte	36
 212 00b7 40       		.byte	64
 213 00b8 27       		.byte	39
 214 00b9 3A       		.byte	58
 215 00ba 29       		.byte	41
 216 00bb 10       		.byte	16
 217 00bc 2F       		.byte	47
 218 00bd 04       		.byte	4
 219 00be 31       		.byte	49
 220 00bf 02       		.byte	2
 221 00c0 37       		.byte	55
 222 00c1 2A       		.byte	42
 223 00c2 3C       		.byte	60
 224 00c3 40       		.byte	64
 225 00c4 C0       		.byte	-64
 226 00c5 04       		.byte	4
 227 00c6 C2       		.byte	-62
 228 00c7 69       		.byte	105
ARM GAS  C:\Users\rualjim\AppData\Local\Temp\cc00gQTj.s 			page 5


 229 00c8 C4       		.byte	-60
 230 00c9 02       		.byte	2
 231 00ca CA       		.byte	-54
 232 00cb 24       		.byte	36
 233 00cc CC       		.byte	-52
 234 00cd E1       		.byte	-31
 235 00ce CE       		.byte	-50
 236 00cf 10       		.byte	16
 237 00d0 03       		.byte	3
 238 00d1 0C       		.byte	12
 239 00d2 04       		.byte	4
 240 00d3 FD       		.byte	-3
 241 00d4 06       		.byte	6
 242 00d5 02       		.byte	2
 243 00d6 08       		.byte	8
 244 00d7 9E       		.byte	-98
 245 00d8 0A       		.byte	10
 246 00d9 60       		.byte	96
 247 00da 0C       		.byte	12
 248 00db CF       		.byte	-49
 249 00dc 0E       		.byte	14
 250 00dd 30       		.byte	48
 251 00de 11       		.byte	17
 252 00df 08       		.byte	8
 253 00e0 15       		.byte	21
 254 00e1 02       		.byte	2
 255 00e2 16       		.byte	22
 256 00e3 0F       		.byte	15
 257 00e4 18       		.byte	24
 258 00e5 73       		.byte	115
 259 00e6 1C       		.byte	28
 260 00e7 94       		.byte	-108
 261 00e8 1E       		.byte	30
 262 00e9 60       		.byte	96
 263 00ea 28       		.byte	40
 264 00eb 30       		.byte	48
 265 00ec 2A       		.byte	42
 266 00ed C9       		.byte	-55
 267 00ee 2F       		.byte	47
 268 00ef 03       		.byte	3
 269 00f0 31       		.byte	49
 270 00f1 04       		.byte	4
 271 00f2 33       		.byte	51
 272 00f3 01       		.byte	1
 273 00f4 35       		.byte	53
 274 00f5 08       		.byte	8
 275 00f6 36       		.byte	54
 276 00f7 FF       		.byte	-1
 277 00f8 37       		.byte	55
 278 00f9 02       		.byte	2
 279 00fa 3E       		.byte	62
 280 00fb 40       		.byte	64
 281 00fc 3F       		.byte	63
 282 00fd 50       		.byte	80
 283 00fe 54       		.byte	84
 284 00ff 0F       		.byte	15
 285 0100 58       		.byte	88
ARM GAS  C:\Users\rualjim\AppData\Local\Temp\cc00gQTj.s 			page 6


 286 0101 04       		.byte	4
 287 0102 59       		.byte	89
 288 0103 04       		.byte	4
 289 0104 5B       		.byte	91
 290 0105 04       		.byte	4
 291 0106 5F       		.byte	95
 292 0107 05       		.byte	5
 293 0108 81       		.byte	-127
 294 0109 13       		.byte	19
 295 010a 83       		.byte	-125
 296 010b 2C       		.byte	44
 297 010c 85       		.byte	-123
 298 010d 7F       		.byte	127
 299 010e 89       		.byte	-119
 300 010f 77       		.byte	119
 301 0110 97       		.byte	-105
 302 0111 70       		.byte	112
 303 0112 99       		.byte	-103
 304 0113 45       		.byte	69
 305 0114 9B       		.byte	-101
 306 0115 0A       		.byte	10
 307 0116 9E       		.byte	-98
 308 0117 01       		.byte	1
 309 0118 9F       		.byte	-97
 310 0119 80       		.byte	-128
 311 011a A9       		.byte	-87
 312 011b 1A       		.byte	26
 313 011c AB       		.byte	-85
 314 011d 25       		.byte	37
 315 011e AD       		.byte	-83
 316 011f 0C       		.byte	12
 317 0120 AF       		.byte	-81
 318 0121 43       		.byte	67
 319 0122 B3       		.byte	-77
 320 0123 F0       		.byte	-16
 321 0124 B4       		.byte	-76
 322 0125 01       		.byte	1
 323 0126 B5       		.byte	-75
 324 0127 0F       		.byte	15
 325 0128 B7       		.byte	-73
 326 0129 0F       		.byte	15
 327 012a D8       		.byte	-40
 328 012b 04       		.byte	4
 329 012c D9       		.byte	-39
 330 012d 04       		.byte	4
 331 012e DF       		.byte	-33
 332 012f 01       		.byte	1
 333 0130 04       		.byte	4
 334 0131 04       		.byte	4
 335 0132 05       		.byte	5
 336 0133 A0       		.byte	-96
 337 0134 08       		.byte	8
 338 0135 80       		.byte	-128
 339 0136 0D       		.byte	13
 340 0137 10       		.byte	16
 341 0138 0E       		.byte	14
 342 0139 01       		.byte	1
ARM GAS  C:\Users\rualjim\AppData\Local\Temp\cc00gQTj.s 			page 7


 343 013a 0F       		.byte	15
 344 013b 10       		.byte	16
 345 013c 16       		.byte	22
 346 013d 08       		.byte	8
 347 013e 17       		.byte	23
 348 013f 20       		.byte	32
 349 0140 19       		.byte	25
 350 0141 10       		.byte	16
 351 0142 1B       		.byte	27
 352 0143 20       		.byte	32
 353 0144 1D       		.byte	29
 354 0145 40       		.byte	64
 355 0146 20       		.byte	32
 356 0147 04       		.byte	4
 357 0148 21       		.byte	33
 358 0149 08       		.byte	8
 359 014a 22       		.byte	34
 360 014b 20       		.byte	32
 361 014c 23       		.byte	35
 362 014d 11       		.byte	17
 363 014e 24       		.byte	36
 364 014f 20       		.byte	32
 365 0150 26       		.byte	38
 366 0151 4A       		.byte	74
 367 0152 27       		.byte	39
 368 0153 08       		.byte	8
 369 0154 29       		.byte	41
 370 0155 A0       		.byte	-96
 371 0156 2F       		.byte	47
 372 0157 02       		.byte	2
 373 0158 31       		.byte	49
 374 0159 48       		.byte	72
 375 015a 33       		.byte	51
 376 015b 10       		.byte	16
 377 015c 36       		.byte	54
 378 015d 0A       		.byte	10
 379 015e 38       		.byte	56
 380 015f 06       		.byte	6
 381 0160 39       		.byte	57
 382 0161 20       		.byte	32
 383 0162 3B       		.byte	59
 384 0163 20       		.byte	32
 385 0164 3F       		.byte	63
 386 0165 02       		.byte	2
 387 0166 5D       		.byte	93
 388 0167 10       		.byte	16
 389 0168 5E       		.byte	94
 390 0169 82       		.byte	-126
 391 016a 5F       		.byte	95
 392 016b 08       		.byte	8
 393 016c 66       		.byte	102
 394 016d 24       		.byte	36
 395 016e 79       		.byte	121
 396 016f 10       		.byte	16
 397 0170 7B       		.byte	123
 398 0171 04       		.byte	4
 399 0172 7F       		.byte	127
ARM GAS  C:\Users\rualjim\AppData\Local\Temp\cc00gQTj.s 			page 8


 400 0173 10       		.byte	16
 401 0174 90       		.byte	-112
 402 0175 02       		.byte	2
 403 0176 92       		.byte	-110
 404 0177 01       		.byte	1
 405 0178 98       		.byte	-104
 406 0179 80       		.byte	-128
 407 017a 9B       		.byte	-101
 408 017b 30       		.byte	48
 409 017c 9D       		.byte	-99
 410 017d 10       		.byte	16
 411 017e A2       		.byte	-94
 412 017f 01       		.byte	1
 413 0180 A3       		.byte	-93
 414 0181 40       		.byte	64
 415 0182 A7       		.byte	-89
 416 0183 24       		.byte	36
 417 0184 A8       		.byte	-88
 418 0185 80       		.byte	-128
 419 0186 AF       		.byte	-81
 420 0187 04       		.byte	4
 421 0188 C0       		.byte	-64
 422 0189 E0       		.byte	-32
 423 018a C2       		.byte	-62
 424 018b E1       		.byte	-31
 425 018c C4       		.byte	-60
 426 018d 40       		.byte	64
 427 018e CA       		.byte	-54
 428 018f 1C       		.byte	28
 429 0190 CC       		.byte	-52
 430 0191 CE       		.byte	-50
 431 0192 CE       		.byte	-50
 432 0193 87       		.byte	-121
 433 0194 D6       		.byte	-42
 434 0195 F0       		.byte	-16
 435 0196 D8       		.byte	-40
 436 0197 60       		.byte	96
 437 0198 DE       		.byte	-34
 438 0199 40       		.byte	64
 439 019a 01       		.byte	1
 440 019b C7       		.byte	-57
 441 019c 05       		.byte	5
 442 019d 02       		.byte	2
 443 019e 07       		.byte	7
 444 019f 04       		.byte	4
 445 01a0 08       		.byte	8
 446 01a1 CC       		.byte	-52
 447 01a2 09       		.byte	9
 448 01a3 63       		.byte	99
 449 01a4 0A       		.byte	10
 450 01a5 21       		.byte	33
 451 01a6 0C       		.byte	12
 452 01a7 CC       		.byte	-52
 453 01a8 0E       		.byte	14
 454 01a9 12       		.byte	18
 455 01aa 17       		.byte	23
 456 01ab 19       		.byte	25
ARM GAS  C:\Users\rualjim\AppData\Local\Temp\cc00gQTj.s 			page 9


 457 01ac 18       		.byte	24
 458 01ad 77       		.byte	119
 459 01ae 19       		.byte	25
 460 01af A6       		.byte	-90
 461 01b0 1B       		.byte	27
 462 01b1 01       		.byte	1
 463 01b2 1C       		.byte	28
 464 01b3 80       		.byte	-128
 465 01b4 1D       		.byte	29
 466 01b5 08       		.byte	8
 467 01b6 1E       		.byte	30
 468 01b7 1F       		.byte	31
 469 01b8 21       		.byte	33
 470 01b9 06       		.byte	6
 471 01ba 24       		.byte	36
 472 01bb BB       		.byte	-69
 473 01bc 26       		.byte	38
 474 01bd 44       		.byte	68
 475 01be 28       		.byte	40
 476 01bf 08       		.byte	8
 477 01c0 29       		.byte	41
 478 01c1 C5       		.byte	-59
 479 01c2 2A       		.byte	42
 480 01c3 F1       		.byte	-15
 481 01c4 2B       		.byte	43
 482 01c5 02       		.byte	2
 483 01c6 2F       		.byte	47
 484 01c7 08       		.byte	8
 485 01c8 31       		.byte	49
 486 01c9 08       		.byte	8
 487 01ca 33       		.byte	51
 488 01cb 07       		.byte	7
 489 01cc 34       		.byte	52
 490 01cd F0       		.byte	-16
 491 01ce 35       		.byte	53
 492 01cf E0       		.byte	-32
 493 01d0 36       		.byte	54
 494 01d1 0F       		.byte	15
 495 01d2 37       		.byte	55
 496 01d3 10       		.byte	16
 497 01d4 39       		.byte	57
 498 01d5 20       		.byte	32
 499 01d6 3F       		.byte	63
 500 01d7 01       		.byte	1
 501 01d8 58       		.byte	88
 502 01d9 04       		.byte	4
 503 01da 59       		.byte	89
 504 01db 04       		.byte	4
 505 01dc 5F       		.byte	95
 506 01dd 01       		.byte	1
 507 01de 86       		.byte	-122
 508 01df 0C       		.byte	12
 509 01e0 88       		.byte	-120
 510 01e1 0C       		.byte	12
 511 01e2 94       		.byte	-108
 512 01e3 08       		.byte	8
 513 01e4 96       		.byte	-106
ARM GAS  C:\Users\rualjim\AppData\Local\Temp\cc00gQTj.s 			page 10


 514 01e5 04       		.byte	4
 515 01e6 98       		.byte	-104
 516 01e7 03       		.byte	3
 517 01e8 9C       		.byte	-100
 518 01e9 03       		.byte	3
 519 01ea A8       		.byte	-88
 520 01eb 01       		.byte	1
 521 01ec B0       		.byte	-80
 522 01ed 04       		.byte	4
 523 01ee B2       		.byte	-78
 524 01ef 08       		.byte	8
 525 01f0 B4       		.byte	-76
 526 01f1 02       		.byte	2
 527 01f2 B6       		.byte	-74
 528 01f3 01       		.byte	1
 529 01f4 B8       		.byte	-72
 530 01f5 A0       		.byte	-96
 531 01f6 BE       		.byte	-66
 532 01f7 45       		.byte	69
 533 01f8 C0       		.byte	-64
 534 01f9 51       		.byte	81
 535 01fa C1       		.byte	-63
 536 01fb 06       		.byte	6
 537 01fc C5       		.byte	-59
 538 01fd 32       		.byte	50
 539 01fe C6       		.byte	-58
 540 01ff C0       		.byte	-64
 541 0200 C7       		.byte	-57
 542 0201 4E       		.byte	78
 543 0202 C8       		.byte	-56
 544 0203 3B       		.byte	59
 545 0204 C9       		.byte	-55
 546 0205 FF       		.byte	-1
 547 0206 CA       		.byte	-54
 548 0207 FF       		.byte	-1
 549 0208 CB       		.byte	-53
 550 0209 FF       		.byte	-1
 551 020a CD       		.byte	-51
 552 020b A0       		.byte	-96
 553 020c CF       		.byte	-49
 554 020d 01       		.byte	1
 555 020e D0       		.byte	-48
 556 020f 18       		.byte	24
 557 0210 D2       		.byte	-46
 558 0211 80       		.byte	-128
 559 0212 D4       		.byte	-44
 560 0213 0F       		.byte	15
 561 0214 D8       		.byte	-40
 562 0215 04       		.byte	4
 563 0216 DA       		.byte	-38
 564 0217 04       		.byte	4
 565 0218 DB       		.byte	-37
 566 0219 04       		.byte	4
 567 021a DF       		.byte	-33
 568 021b 01       		.byte	1
 569 021c E0       		.byte	-32
 570 021d 40       		.byte	64
ARM GAS  C:\Users\rualjim\AppData\Local\Temp\cc00gQTj.s 			page 11


 571 021e E2       		.byte	-30
 572 021f 80       		.byte	-128
 573 0220 E4       		.byte	-28
 574 0221 40       		.byte	64
 575 0222 E5       		.byte	-27
 576 0223 40       		.byte	64
 577 0224 E6       		.byte	-26
 578 0225 80       		.byte	-128
 579 0226 E8       		.byte	-24
 580 0227 40       		.byte	64
 581 0228 EA       		.byte	-22
 582 0229 80       		.byte	-128
 583 022a EC       		.byte	-20
 584 022b 40       		.byte	64
 585 022c ED       		.byte	-19
 586 022d 20       		.byte	32
 587 022e EE       		.byte	-18
 588 022f 80       		.byte	-128
 589 0230 01       		.byte	1
 590 0231 A0       		.byte	-96
 591 0232 04       		.byte	4
 592 0233 24       		.byte	36
 593 0234 09       		.byte	9
 594 0235 20       		.byte	32
 595 0236 0A       		.byte	10
 596 0237 01       		.byte	1
 597 0238 0F       		.byte	15
 598 0239 1A       		.byte	26
 599 023a 12       		.byte	18
 600 023b 20       		.byte	32
 601 023c 13       		.byte	19
 602 023d 20       		.byte	32
 603 023e 15       		.byte	21
 604 023f 20       		.byte	32
 605 0240 18       		.byte	24
 606 0241 02       		.byte	2
 607 0242 19       		.byte	25
 608 0243 A0       		.byte	-96
 609 0244 1C       		.byte	28
 610 0245 04       		.byte	4
 611 0246 1D       		.byte	29
 612 0247 80       		.byte	-128
 613 0248 1E       		.byte	30
 614 0249 60       		.byte	96
 615 024a 21       		.byte	33
 616 024b 38       		.byte	56
 617 024c 22       		.byte	34
 618 024d 40       		.byte	64
 619 024e 23       		.byte	35
 620 024f 48       		.byte	72
 621 0250 29       		.byte	41
 622 0251 20       		.byte	32
 623 0252 2A       		.byte	42
 624 0253 40       		.byte	64
 625 0254 2B       		.byte	43
 626 0255 40       		.byte	64
 627 0256 31       		.byte	49
ARM GAS  C:\Users\rualjim\AppData\Local\Temp\cc00gQTj.s 			page 12


 628 0257 08       		.byte	8
 629 0258 32       		.byte	50
 630 0259 60       		.byte	96
 631 025a 38       		.byte	56
 632 025b 02       		.byte	2
 633 025c 39       		.byte	57
 634 025d 20       		.byte	32
 635 025e 3A       		.byte	58
 636 025f 08       		.byte	8
 637 0260 45       		.byte	69
 638 0261 80       		.byte	-128
 639 0262 4F       		.byte	79
 640 0263 5A       		.byte	90
 641 0264 56       		.byte	86
 642 0265 24       		.byte	36
 643 0266 57       		.byte	87
 644 0267 02       		.byte	2
 645 0268 5E       		.byte	94
 646 0269 60       		.byte	96
 647 026a 5F       		.byte	95
 648 026b 09       		.byte	9
 649 026c 76       		.byte	118
 650 026d 40       		.byte	64
 651 026e 90       		.byte	-112
 652 026f 20       		.byte	32
 653 0270 92       		.byte	-110
 654 0271 01       		.byte	1
 655 0272 93       		.byte	-109
 656 0273 11       		.byte	17
 657 0274 95       		.byte	-107
 658 0275 20       		.byte	32
 659 0276 9A       		.byte	-102
 660 0277 08       		.byte	8
 661 0278 9B       		.byte	-101
 662 0279 20       		.byte	32
 663 027a 9D       		.byte	-99
 664 027b A0       		.byte	-96
 665 027c 9E       		.byte	-98
 666 027d 24       		.byte	36
 667 027e A2       		.byte	-94
 668 027f 20       		.byte	32
 669 0280 A3       		.byte	-93
 670 0281 40       		.byte	64
 671 0282 A7       		.byte	-89
 672 0283 07       		.byte	7
 673 0284 C0       		.byte	-64
 674 0285 63       		.byte	99
 675 0286 C2       		.byte	-62
 676 0287 E3       		.byte	-29
 677 0288 C4       		.byte	-60
 678 0289 46       		.byte	70
 679 028a CA       		.byte	-54
 680 028b 0D       		.byte	13
 681 028c CC       		.byte	-52
 682 028d 0E       		.byte	14
 683 028e CE       		.byte	-50
 684 028f 07       		.byte	7
ARM GAS  C:\Users\rualjim\AppData\Local\Temp\cc00gQTj.s 			page 13


 685 0290 D0       		.byte	-48
 686 0291 10       		.byte	16
 687 0292 D2       		.byte	-46
 688 0293 30       		.byte	48
 689 0294 D6       		.byte	-42
 690 0295 F0       		.byte	-16
 691 0296 EE       		.byte	-18
 692 0297 08       		.byte	8
 693 0298 EE       		.byte	-18
 694 0299 08       		.byte	8
 695 029a 03       		.byte	3
 696 029b 40       		.byte	64
 697 029c 05       		.byte	5
 698 029d 02       		.byte	2
 699 029e 33       		.byte	51
 700 029f 20       		.byte	32
 701 02a0 C0       		.byte	-64
 702 02a1 30       		.byte	48
 703 02a2 CC       		.byte	-52
 704 02a3 10       		.byte	16
 705 02a4 A7       		.byte	-89
 706 02a5 20       		.byte	32
 707 02a6 AB       		.byte	-85
 708 02a7 40       		.byte	64
 709 02a8 AD       		.byte	-83
 710 02a9 02       		.byte	2
 711 02aa EC       		.byte	-20
 712 02ab 90       		.byte	-112
 713 02ac A7       		.byte	-89
 714 02ad 20       		.byte	32
 715 02ae A7       		.byte	-89
 716 02af 20       		.byte	32
 717 02b0 A7       		.byte	-89
 718 02b1 20       		.byte	32
 719 02b2 AF       		.byte	-81
 720 02b3 20       		.byte	32
 721 02b4 EE       		.byte	-18
 722 02b5 10       		.byte	16
 723 02b6 1F       		.byte	31
 724 02b7 80       		.byte	-128
 725 02b8 C6       		.byte	-58
 726 02b9 01       		.byte	1
 727 02ba AF       		.byte	-81
 728 02bb 80       		.byte	-128
 729 02bc 00       		.byte	0
 730 02bd 01       		.byte	1
 731 02be 08       		.byte	8
 732 02bf 01       		.byte	1
 733 02c0 0A       		.byte	10
 734 02c1 01       		.byte	1
 735 02c2 00       		.byte	0
 736 02c3 03       		.byte	3
 737 02c4 00       		.byte	0
 738 02c5 00       		.byte	0
 739 02c6 00       		.byte	0
 740 02c7 00       		.byte	0
 741 02c8 00       		.byte	0
ARM GAS  C:\Users\rualjim\AppData\Local\Temp\cc00gQTj.s 			page 14


 742 02c9 00       		.byte	0
 743 02ca 04       		.byte	4
 744 02cb 00       		.byte	0
 745 02cc 00       		.byte	0
 746 02cd CB       		.byte	-53
 747 02ce CB       		.byte	-53
 748 02cf 00       		.byte	0
 749 02d0 00       		.byte	0
 750 02d1 00       		.byte	0
 751 02d2 00       		.byte	0
 752 02d3 00       		.byte	0
 753 02d4 00       		.byte	0
 754 02d5 7F       		.byte	127
 755 02d6 7F       		.byte	127
 756 02d7 00       		.byte	0
 757 02d8 00       		.byte	0
 758 02d9 00       		.byte	0
 759 02da 00       		.byte	0
 760 02db 00       		.byte	0
 761 02dc 03       		.byte	3
 762 02dd 00       		.byte	0
 763 02de 00       		.byte	0
 764 02df 03       		.byte	3
 765 02e0 00       		.byte	0
 766 02e1 00       		.byte	0
 767 02e2 00       		.byte	0
 768 02e3 00       		.byte	0
 769 02e4 00       		.byte	0
 770 02e5 00       		.byte	0
 771 02e6 00       		.byte	0
 772 02e7 00       		.byte	0
 773 02e8 20       		.byte	32
 774 02e9 00       		.byte	0
 775 02ea 00       		.byte	0
 776 02eb 20       		.byte	32
 777 02ec 00       		.byte	0
 778 02ed 00       		.byte	0
 779 02ee 00       		.byte	0
 780 02ef 00       		.byte	0
 781 02f0 20       		.byte	32
 782 02f1 00       		.byte	0
 783 02f2 00       		.byte	0
 784 02f3 00       		.byte	0
 785 02f4 01       		.byte	1
 786 02f5 00       		.byte	0
 787 02f6 18       		.byte	24
 788 02f7 01       		.byte	1
 789              		.section	.cywolatch,"a",%progbits
 790              		.align	2
 791              		.type	cy_meta_wonvl, %object
 792              		.size	cy_meta_wonvl, 4
 793              	cy_meta_wonvl:
 794 0000 BC       		.byte	-68
 795 0001 90       		.byte	-112
 796 0002 AC       		.byte	-84
 797 0003 AF       		.byte	-81
 798              		.section	.cycustnvl,"a",%progbits
ARM GAS  C:\Users\rualjim\AppData\Local\Temp\cc00gQTj.s 			page 15


 799              		.align	2
 800              		.type	cy_meta_custnvl, %object
 801              		.size	cy_meta_custnvl, 4
 802              	cy_meta_custnvl:
 803 0000 00       		.byte	0
 804 0001 00       		.byte	0
 805 0002 40       		.byte	64
 806 0003 05       		.byte	5
 807              		.section	.cymeta,"a",%progbits
 808              		.align	2
 809              		.type	cy_metadata, %object
 810              		.size	cy_metadata, 12
 811              	cy_metadata:
 812 0000 00       		.byte	0
 813 0001 01       		.byte	1
 814 0002 2E       		.byte	46
 815 0003 12       		.byte	18
 816 0004 30       		.byte	48
 817 0005 69       		.byte	105
 818 0006 00       		.byte	0
 819 0007 01       		.byte	1
 820 0008 00       		.byte	0
 821 0009 00       		.byte	0
 822 000a 00       		.byte	0
 823 000b 00       		.byte	0
 824              		.section	.cyflashprotect,"a",%progbits
 825              		.align	2
 826              		.type	cy_meta_flashprotect, %object
 827              		.size	cy_meta_flashprotect, 256
 828              	cy_meta_flashprotect:
 829 0000 00000000 		.space	256
 829      00000000 
 829      00000000 
 829      00000000 
 829      00000000 
 830              		.text
 831              	.Letext0:
 832              		.file 1 "c:\\program files (x86)\\cypress\\psoc creator\\4.2\\psoc creator\\import\\gnu\\arm\\5.4.
 833              		.file 2 "c:\\program files (x86)\\cypress\\psoc creator\\4.2\\psoc creator\\import\\gnu\\arm\\5.4.
 834              		.file 3 "Generated_Source\\PSoC5\\cymetadata.c"
 835              		.section	.debug_info,"",%progbits
 836              	.Ldebug_info0:
 837 0000 31010000 		.4byte	0x131
 838 0004 0400     		.2byte	0x4
 839 0006 00000000 		.4byte	.Ldebug_abbrev0
 840 000a 04       		.byte	0x4
 841 000b 01       		.uleb128 0x1
 842 000c 52000000 		.4byte	.LASF17
 843 0010 0C       		.byte	0xc
 844 0011 AC010000 		.4byte	.LASF18
 845 0015 16000000 		.4byte	.LASF19
 846 0019 00000000 		.4byte	.Ldebug_line0
 847 001d 02       		.uleb128 0x2
 848 001e 01       		.byte	0x1
 849 001f 06       		.byte	0x6
 850 0020 A0010000 		.4byte	.LASF0
 851 0024 03       		.uleb128 0x3
ARM GAS  C:\Users\rualjim\AppData\Local\Temp\cc00gQTj.s 			page 16


 852 0025 00000000 		.4byte	.LASF9
 853 0029 01       		.byte	0x1
 854 002a 1D       		.byte	0x1d
 855 002b 2F000000 		.4byte	0x2f
 856 002f 02       		.uleb128 0x2
 857 0030 01       		.byte	0x1
 858 0031 08       		.byte	0x8
 859 0032 44000000 		.4byte	.LASF1
 860 0036 02       		.uleb128 0x2
 861 0037 02       		.byte	0x2
 862 0038 05       		.byte	0x5
 863 0039 8D010000 		.4byte	.LASF2
 864 003d 02       		.uleb128 0x2
 865 003e 02       		.byte	0x2
 866 003f 07       		.byte	0x7
 867 0040 F2000000 		.4byte	.LASF3
 868 0044 02       		.uleb128 0x2
 869 0045 04       		.byte	0x4
 870 0046 05       		.byte	0x5
 871 0047 97010000 		.4byte	.LASF4
 872 004b 02       		.uleb128 0x2
 873 004c 04       		.byte	0x4
 874 004d 07       		.byte	0x7
 875 004e E0000000 		.4byte	.LASF5
 876 0052 02       		.uleb128 0x2
 877 0053 08       		.byte	0x8
 878 0054 05       		.byte	0x5
 879 0055 7F010000 		.4byte	.LASF6
 880 0059 02       		.uleb128 0x2
 881 005a 08       		.byte	0x8
 882 005b 07       		.byte	0x7
 883 005c 34010000 		.4byte	.LASF7
 884 0060 04       		.uleb128 0x4
 885 0061 04       		.byte	0x4
 886 0062 05       		.byte	0x5
 887 0063 696E7400 		.ascii	"int\000"
 888 0067 02       		.uleb128 0x2
 889 0068 04       		.byte	0x4
 890 0069 07       		.byte	0x7
 891 006a 27010000 		.4byte	.LASF8
 892 006e 03       		.uleb128 0x3
 893 006f 4B010000 		.4byte	.LASF10
 894 0073 02       		.byte	0x2
 895 0074 18       		.byte	0x18
 896 0075 24000000 		.4byte	0x24
 897 0079 05       		.uleb128 0x5
 898 007a 91000000 		.4byte	0x91
 899 007e 8A000000 		.4byte	0x8a
 900 0082 06       		.uleb128 0x6
 901 0083 8A000000 		.4byte	0x8a
 902 0087 F702     		.2byte	0x2f7
 903 0089 00       		.byte	0
 904 008a 02       		.uleb128 0x2
 905 008b 04       		.byte	0x4
 906 008c 07       		.byte	0x7
 907 008d 76010000 		.4byte	.LASF11
 908 0091 07       		.uleb128 0x7
ARM GAS  C:\Users\rualjim\AppData\Local\Temp\cc00gQTj.s 			page 17


 909 0092 6E000000 		.4byte	0x6e
 910 0096 08       		.uleb128 0x8
 911 0097 15010000 		.4byte	.LASF12
 912 009b 03       		.byte	0x3
 913 009c 1F       		.byte	0x1f
 914 009d A7000000 		.4byte	0xa7
 915 00a1 05       		.uleb128 0x5
 916 00a2 03       		.byte	0x3
 917 00a3 00000000 		.4byte	cy_meta_configecc
 918 00a7 07       		.uleb128 0x7
 919 00a8 79000000 		.4byte	0x79
 920 00ac 05       		.uleb128 0x5
 921 00ad 91000000 		.4byte	0x91
 922 00b1 BC000000 		.4byte	0xbc
 923 00b5 09       		.uleb128 0x9
 924 00b6 8A000000 		.4byte	0x8a
 925 00ba 03       		.byte	0x3
 926 00bb 00       		.byte	0
 927 00bc 08       		.uleb128 0x8
 928 00bd 05010000 		.4byte	.LASF13
 929 00c1 03       		.byte	0x3
 930 00c2 8B       		.byte	0x8b
 931 00c3 CD000000 		.4byte	0xcd
 932 00c7 05       		.uleb128 0x5
 933 00c8 03       		.byte	0x3
 934 00c9 00000000 		.4byte	cy_meta_custnvl
 935 00cd 07       		.uleb128 0x7
 936 00ce AC000000 		.4byte	0xac
 937 00d2 08       		.uleb128 0x8
 938 00d3 68010000 		.4byte	.LASF14
 939 00d7 03       		.byte	0x3
 940 00d8 99       		.byte	0x99
 941 00d9 E3000000 		.4byte	0xe3
 942 00dd 05       		.uleb128 0x5
 943 00de 03       		.byte	0x3
 944 00df 00000000 		.4byte	cy_meta_wonvl
 945 00e3 07       		.uleb128 0x7
 946 00e4 AC000000 		.4byte	0xac
 947 00e8 05       		.uleb128 0x5
 948 00e9 91000000 		.4byte	0x91
 949 00ed F8000000 		.4byte	0xf8
 950 00f1 09       		.uleb128 0x9
 951 00f2 8A000000 		.4byte	0x8a
 952 00f6 FF       		.byte	0xff
 953 00f7 00       		.byte	0
 954 00f8 08       		.uleb128 0x8
 955 00f9 53010000 		.4byte	.LASF15
 956 00fd 03       		.byte	0x3
 957 00fe A7       		.byte	0xa7
 958 00ff 09010000 		.4byte	0x109
 959 0103 05       		.uleb128 0x5
 960 0104 03       		.byte	0x3
 961 0105 00000000 		.4byte	cy_meta_flashprotect
 962 0109 07       		.uleb128 0x7
 963 010a E8000000 		.4byte	0xe8
 964 010e 05       		.uleb128 0x5
 965 010f 91000000 		.4byte	0x91
ARM GAS  C:\Users\rualjim\AppData\Local\Temp\cc00gQTj.s 			page 18


 966 0113 1E010000 		.4byte	0x11e
 967 0117 09       		.uleb128 0x9
 968 0118 8A000000 		.4byte	0x8a
 969 011c 0B       		.byte	0xb
 970 011d 00       		.byte	0
 971 011e 08       		.uleb128 0x8
 972 011f 0A000000 		.4byte	.LASF16
 973 0123 03       		.byte	0x3
 974 0124 D4       		.byte	0xd4
 975 0125 2F010000 		.4byte	0x12f
 976 0129 05       		.uleb128 0x5
 977 012a 03       		.byte	0x3
 978 012b 00000000 		.4byte	cy_metadata
 979 012f 07       		.uleb128 0x7
 980 0130 0E010000 		.4byte	0x10e
 981 0134 00       		.byte	0
 982              		.section	.debug_abbrev,"",%progbits
 983              	.Ldebug_abbrev0:
 984 0000 01       		.uleb128 0x1
 985 0001 11       		.uleb128 0x11
 986 0002 01       		.byte	0x1
 987 0003 25       		.uleb128 0x25
 988 0004 0E       		.uleb128 0xe
 989 0005 13       		.uleb128 0x13
 990 0006 0B       		.uleb128 0xb
 991 0007 03       		.uleb128 0x3
 992 0008 0E       		.uleb128 0xe
 993 0009 1B       		.uleb128 0x1b
 994 000a 0E       		.uleb128 0xe
 995 000b 10       		.uleb128 0x10
 996 000c 17       		.uleb128 0x17
 997 000d 00       		.byte	0
 998 000e 00       		.byte	0
 999 000f 02       		.uleb128 0x2
 1000 0010 24       		.uleb128 0x24
 1001 0011 00       		.byte	0
 1002 0012 0B       		.uleb128 0xb
 1003 0013 0B       		.uleb128 0xb
 1004 0014 3E       		.uleb128 0x3e
 1005 0015 0B       		.uleb128 0xb
 1006 0016 03       		.uleb128 0x3
 1007 0017 0E       		.uleb128 0xe
 1008 0018 00       		.byte	0
 1009 0019 00       		.byte	0
 1010 001a 03       		.uleb128 0x3
 1011 001b 16       		.uleb128 0x16
 1012 001c 00       		.byte	0
 1013 001d 03       		.uleb128 0x3
 1014 001e 0E       		.uleb128 0xe
 1015 001f 3A       		.uleb128 0x3a
 1016 0020 0B       		.uleb128 0xb
 1017 0021 3B       		.uleb128 0x3b
 1018 0022 0B       		.uleb128 0xb
 1019 0023 49       		.uleb128 0x49
 1020 0024 13       		.uleb128 0x13
 1021 0025 00       		.byte	0
 1022 0026 00       		.byte	0
ARM GAS  C:\Users\rualjim\AppData\Local\Temp\cc00gQTj.s 			page 19


 1023 0027 04       		.uleb128 0x4
 1024 0028 24       		.uleb128 0x24
 1025 0029 00       		.byte	0
 1026 002a 0B       		.uleb128 0xb
 1027 002b 0B       		.uleb128 0xb
 1028 002c 3E       		.uleb128 0x3e
 1029 002d 0B       		.uleb128 0xb
 1030 002e 03       		.uleb128 0x3
 1031 002f 08       		.uleb128 0x8
 1032 0030 00       		.byte	0
 1033 0031 00       		.byte	0
 1034 0032 05       		.uleb128 0x5
 1035 0033 01       		.uleb128 0x1
 1036 0034 01       		.byte	0x1
 1037 0035 49       		.uleb128 0x49
 1038 0036 13       		.uleb128 0x13
 1039 0037 01       		.uleb128 0x1
 1040 0038 13       		.uleb128 0x13
 1041 0039 00       		.byte	0
 1042 003a 00       		.byte	0
 1043 003b 06       		.uleb128 0x6
 1044 003c 21       		.uleb128 0x21
 1045 003d 00       		.byte	0
 1046 003e 49       		.uleb128 0x49
 1047 003f 13       		.uleb128 0x13
 1048 0040 2F       		.uleb128 0x2f
 1049 0041 05       		.uleb128 0x5
 1050 0042 00       		.byte	0
 1051 0043 00       		.byte	0
 1052 0044 07       		.uleb128 0x7
 1053 0045 26       		.uleb128 0x26
 1054 0046 00       		.byte	0
 1055 0047 49       		.uleb128 0x49
 1056 0048 13       		.uleb128 0x13
 1057 0049 00       		.byte	0
 1058 004a 00       		.byte	0
 1059 004b 08       		.uleb128 0x8
 1060 004c 34       		.uleb128 0x34
 1061 004d 00       		.byte	0
 1062 004e 03       		.uleb128 0x3
 1063 004f 0E       		.uleb128 0xe
 1064 0050 3A       		.uleb128 0x3a
 1065 0051 0B       		.uleb128 0xb
 1066 0052 3B       		.uleb128 0x3b
 1067 0053 0B       		.uleb128 0xb
 1068 0054 49       		.uleb128 0x49
 1069 0055 13       		.uleb128 0x13
 1070 0056 3F       		.uleb128 0x3f
 1071 0057 19       		.uleb128 0x19
 1072 0058 02       		.uleb128 0x2
 1073 0059 18       		.uleb128 0x18
 1074 005a 00       		.byte	0
 1075 005b 00       		.byte	0
 1076 005c 09       		.uleb128 0x9
 1077 005d 21       		.uleb128 0x21
 1078 005e 00       		.byte	0
 1079 005f 49       		.uleb128 0x49
ARM GAS  C:\Users\rualjim\AppData\Local\Temp\cc00gQTj.s 			page 20


 1080 0060 13       		.uleb128 0x13
 1081 0061 2F       		.uleb128 0x2f
 1082 0062 0B       		.uleb128 0xb
 1083 0063 00       		.byte	0
 1084 0064 00       		.byte	0
 1085 0065 00       		.byte	0
 1086              		.section	.debug_aranges,"",%progbits
 1087 0000 14000000 		.4byte	0x14
 1088 0004 0200     		.2byte	0x2
 1089 0006 00000000 		.4byte	.Ldebug_info0
 1090 000a 04       		.byte	0x4
 1091 000b 00       		.byte	0
 1092 000c 0000     		.2byte	0
 1093 000e 0000     		.2byte	0
 1094 0010 00000000 		.4byte	0
 1095 0014 00000000 		.4byte	0
 1096              		.section	.debug_line,"",%progbits
 1097              	.Ldebug_line0:
 1098 0000 3D010000 		.section	.debug_str,"MS",%progbits,1
 1098      02003701 
 1098      00000201 
 1098      FB0E0D00 
 1098      01010101 
 1099              	.LASF9:
 1100 0000 5F5F7569 		.ascii	"__uint8_t\000"
 1100      6E74385F 
 1100      7400
 1101              	.LASF16:
 1102 000a 63795F6D 		.ascii	"cy_metadata\000"
 1102      65746164 
 1102      61746100 
 1103              	.LASF19:
 1104 0016 433A5C55 		.ascii	"C:\\Users\\rualjim\\Desktop\\Rotary_Encoder.cydsn\000"
 1104      73657273 
 1104      5C727561 
 1104      6C6A696D 
 1104      5C446573 
 1105              	.LASF1:
 1106 0044 756E7369 		.ascii	"unsigned char\000"
 1106      676E6564 
 1106      20636861 
 1106      7200
 1107              	.LASF17:
 1108 0052 474E5520 		.ascii	"GNU C11 5.4.1 20160609 (release) [ARM/embedded-5-br"
 1108      43313120 
 1108      352E342E 
 1108      31203230 
 1108      31363036 
 1109 0085 616E6368 		.ascii	"anch revision 237715] -mcpu=cortex-m3 -mthumb -g -O"
 1109      20726576 
 1109      6973696F 
 1109      6E203233 
 1109      37373135 
 1110 00b8 67202D66 		.ascii	"g -ffunction-sections -ffat-lto-objects\000"
 1110      66756E63 
 1110      74696F6E 
 1110      2D736563 
ARM GAS  C:\Users\rualjim\AppData\Local\Temp\cc00gQTj.s 			page 21


 1110      74696F6E 
 1111              	.LASF5:
 1112 00e0 6C6F6E67 		.ascii	"long unsigned int\000"
 1112      20756E73 
 1112      69676E65 
 1112      6420696E 
 1112      7400
 1113              	.LASF3:
 1114 00f2 73686F72 		.ascii	"short unsigned int\000"
 1114      7420756E 
 1114      7369676E 
 1114      65642069 
 1114      6E7400
 1115              	.LASF13:
 1116 0105 63795F6D 		.ascii	"cy_meta_custnvl\000"
 1116      6574615F 
 1116      63757374 
 1116      6E766C00 
 1117              	.LASF12:
 1118 0115 63795F6D 		.ascii	"cy_meta_configecc\000"
 1118      6574615F 
 1118      636F6E66 
 1118      69676563 
 1118      6300
 1119              	.LASF8:
 1120 0127 756E7369 		.ascii	"unsigned int\000"
 1120      676E6564 
 1120      20696E74 
 1120      00
 1121              	.LASF7:
 1122 0134 6C6F6E67 		.ascii	"long long unsigned int\000"
 1122      206C6F6E 
 1122      6720756E 
 1122      7369676E 
 1122      65642069 
 1123              	.LASF10:
 1124 014b 75696E74 		.ascii	"uint8_t\000"
 1124      385F7400 
 1125              	.LASF15:
 1126 0153 63795F6D 		.ascii	"cy_meta_flashprotect\000"
 1126      6574615F 
 1126      666C6173 
 1126      6870726F 
 1126      74656374 
 1127              	.LASF14:
 1128 0168 63795F6D 		.ascii	"cy_meta_wonvl\000"
 1128      6574615F 
 1128      776F6E76 
 1128      6C00
 1129              	.LASF11:
 1130 0176 73697A65 		.ascii	"sizetype\000"
 1130      74797065 
 1130      00
 1131              	.LASF6:
 1132 017f 6C6F6E67 		.ascii	"long long int\000"
 1132      206C6F6E 
 1132      6720696E 
ARM GAS  C:\Users\rualjim\AppData\Local\Temp\cc00gQTj.s 			page 22


 1132      7400
 1133              	.LASF2:
 1134 018d 73686F72 		.ascii	"short int\000"
 1134      7420696E 
 1134      7400
 1135              	.LASF4:
 1136 0197 6C6F6E67 		.ascii	"long int\000"
 1136      20696E74 
 1136      00
 1137              	.LASF0:
 1138 01a0 7369676E 		.ascii	"signed char\000"
 1138      65642063 
 1138      68617200 
 1139              	.LASF18:
 1140 01ac 47656E65 		.ascii	"Generated_Source\\PSoC5\\cymetadata.c\000"
 1140      72617465 
 1140      645F536F 
 1140      75726365 
 1140      5C50536F 
 1141              		.ident	"GCC: (GNU Tools for ARM Embedded Processors) 5.4.1 20160609 (release) [ARM/embedded-5-bran
